2025-07-25 10:22:49.151 [restartedMain] INFO  [] c.d.delivery.DeliveryApiApplication - Starting DeliveryApiApplication using Java 21.0.7 with PID 30200 (C:\FAT_Java_2025\workspace - local\delivery-api\target\classes started by rebre in C:\FAT_Java_2025\workspace - local\delivery-api)
2025-07-25 10:22:49.167 [restartedMain] INFO  [] c.d.delivery.DeliveryApiApplication - No active profile set, falling back to 1 default profile: "default"
2025-07-25 10:22:49.280 [restartedMain] INFO  [] o.s.b.d.e.DevToolsPropertyDefaultsPostProcessor - Devtools property defaults active! Set 'spring.devtools.add-properties' to 'false' to disable
2025-07-25 10:22:49.281 [restartedMain] INFO  [] o.s.b.d.e.DevToolsPropertyDefaultsPostProcessor - For additional web related logging consider setting the 'logging.level.web' property to 'DEBUG'
2025-07-25 10:22:51.756 [restartedMain] INFO  [] o.s.d.r.c.RepositoryConfigurationDelegate - Multiple Spring Data modules found, entering strict repository configuration mode
2025-07-25 10:22:51.760 [restartedMain] INFO  [] o.s.d.r.c.RepositoryConfigurationDelegate - Bootstrapping Spring Data JPA repositories in DEFAULT mode.
2025-07-25 10:22:51.866 [restartedMain] INFO  [] o.s.d.r.c.RepositoryConfigurationDelegate - Finished Spring Data repository scanning in 97 ms. Found 6 JPA repository interfaces.
2025-07-25 10:22:52.122 [restartedMain] INFO  [] o.s.cloud.context.scope.GenericScope - BeanFactory id=28b6c429-40c5-30ab-b3ab-95696e5b37fb
2025-07-25 10:22:52.923 [restartedMain] INFO  [] o.s.b.w.e.tomcat.TomcatWebServer - Tomcat initialized with port 8080 (http)
2025-07-25 10:22:52.941 [restartedMain] INFO  [] o.a.coyote.http11.Http11NioProtocol - Initializing ProtocolHandler ["http-nio-8080"]
2025-07-25 10:22:52.943 [restartedMain] INFO  [] o.a.catalina.core.StandardService - Starting service [Tomcat]
2025-07-25 10:22:52.944 [restartedMain] INFO  [] o.a.catalina.core.StandardEngine - Starting Servlet engine: [Apache Tomcat/10.1.42]
2025-07-25 10:22:53.035 [restartedMain] INFO  [] o.a.c.c.C.[Tomcat].[localhost].[/] - Initializing Spring embedded WebApplicationContext
2025-07-25 10:22:53.035 [restartedMain] INFO  [] o.s.b.w.s.c.ServletWebServerApplicationContext - Root WebApplicationContext: initialization completed in 3752 ms
2025-07-25 10:22:54.081 [restartedMain] INFO  [] o.s.o.j.p.SpringPersistenceUnitInfo - No LoadTimeWeaver setup: ignoring JPA class transformer
2025-07-25 10:22:54.130 [restartedMain] INFO  [] com.zaxxer.hikari.HikariDataSource - HikariPool-1 - Starting...
2025-07-25 10:22:54.421 [restartedMain] INFO  [] com.zaxxer.hikari.pool.HikariPool - HikariPool-1 - Added connection conn0: url=jdbc:h2:mem:deliverydb user=SA
2025-07-25 10:22:54.423 [restartedMain] INFO  [] com.zaxxer.hikari.HikariDataSource - HikariPool-1 - Start completed.
2025-07-25 10:22:54.463 [restartedMain] WARN  [] org.hibernate.orm.deprecation - HHH90000025: H2Dialect does not need to be specified explicitly using 'hibernate.dialect' (remove the property setting and it will be selected by default)
2025-07-25 10:22:55.994 [restartedMain] DEBUG [] org.hibernate.SQL - 
    drop table if exists cliente cascade 
2025-07-25 10:22:55.999 [restartedMain] DEBUG [] org.hibernate.SQL - 
    drop table if exists itens_pedido cascade 
2025-07-25 10:22:55.999 [restartedMain] DEBUG [] org.hibernate.SQL - 
    drop table if exists pedidos cascade 
2025-07-25 10:22:56.000 [restartedMain] DEBUG [] org.hibernate.SQL - 
    drop table if exists produto cascade 
2025-07-25 10:22:56.000 [restartedMain] DEBUG [] org.hibernate.SQL - 
    drop table if exists restaurante cascade 
2025-07-25 10:22:56.000 [restartedMain] DEBUG [] org.hibernate.SQL - 
    drop table if exists usuario cascade 
2025-07-25 10:22:56.008 [restartedMain] DEBUG [] org.hibernate.SQL - 
    create table cliente (
        ativo boolean not null,
        data_cadastro timestamp(6),
        id bigint generated by default as identity,
        usuario_id bigint not null unique,
        cpf varchar(255),
        email varchar(255),
        endereco varchar(255),
        nome varchar(255),
        telefone varchar(255),
        primary key (id)
    )
2025-07-25 10:22:56.023 [restartedMain] DEBUG [] org.hibernate.SQL - 
    create table itens_pedido (
        preco_unitario numeric(38,2),
        quantidade integer not null,
        subtotal numeric(38,2),
        id bigint generated by default as identity,
        pedido_id bigint,
        produto_id bigint,
        primary key (id)
    )
2025-07-25 10:22:56.026 [restartedMain] DEBUG [] org.hibernate.SQL - 
    create table pedidos (
        data_pedido date,
        subtotal numeric(38,2),
        taxa_entrega numeric(10,2),
        valor_total numeric(38,2),
        cliente_id bigint,
        id bigint generated by default as identity,
        restaurante_id bigint,
        cep_entrega varchar(255) not null,
        endereco_entrega varchar(255) not null,
        numero_pedido varchar(255),
        observacoes varchar(255),
        forma_pagamento enum ('CARTAO_CREDITO','CARTAO_DEBITO','DINHEIRO','PIX','VALE_REFEICAO') not null,
        status enum ('CANCELADO','CONFIRMADO','ENTREGUE','PENDENTE','PREPARANDO','PRONTO','SAIU_PARA_ENTREGA'),
        primary key (id)
    )
2025-07-25 10:22:56.029 [restartedMain] DEBUG [] org.hibernate.SQL - 
    create table produto (
        disponivel boolean not null,
        estoque integer not null,
        preco numeric(38,2),
        id bigint generated by default as identity,
        restaurante_id bigint not null,
        categoria varchar(255),
        descricao varchar(255),
        nome varchar(255),
        primary key (id)
    )
2025-07-25 10:22:56.030 [restartedMain] DEBUG [] org.hibernate.SQL - 
    create table restaurante (
        ativo boolean not null,
        avaliacao numeric(3,2),
        taxa_entrega numeric(10,2) not null,
        data_criacao timestamp(6) not null,
        id bigint generated by default as identity,
        nome varchar(100) not null,
        categoria varchar(255) not null,
        endereco varchar(255) not null,
        telefone varchar(255) not null,
        primary key (id)
    )
2025-07-25 10:22:56.033 [restartedMain] DEBUG [] org.hibernate.SQL - 
    create table usuario (
        ativo boolean not null,
        data_criacao timestamp(6) not null,
        id bigint generated by default as identity,
        restaurante_id bigint,
        email varchar(255) not null unique,
        nome varchar(255) not null,
        senha varchar(255) not null,
        role enum ('ADMIN','CLIENTE','ENTREGADOR','RESTAURANTE') not null,
        primary key (id)
    )
2025-07-25 10:22:56.035 [restartedMain] DEBUG [] org.hibernate.SQL - 
    alter table if exists cliente 
       add constraint FKc3u631ocxdrtm3ccpme0kjlmu 
       foreign key (usuario_id) 
       references usuario
2025-07-25 10:22:56.053 [restartedMain] DEBUG [] org.hibernate.SQL - 
    alter table if exists itens_pedido 
       add constraint FK42mycompce3b7yt3l6ukdwsxy 
       foreign key (pedido_id) 
       references pedidos
2025-07-25 10:22:56.055 [restartedMain] DEBUG [] org.hibernate.SQL - 
    alter table if exists itens_pedido 
       add constraint FK3uo2duj20r2i4mwplv4vb26u6 
       foreign key (produto_id) 
       references produto
2025-07-25 10:22:56.056 [restartedMain] DEBUG [] org.hibernate.SQL - 
    alter table if exists pedidos 
       add constraint FK6wgk5emlhdcthucnnmi4dpl33 
       foreign key (cliente_id) 
       references cliente
2025-07-25 10:22:56.058 [restartedMain] DEBUG [] org.hibernate.SQL - 
    alter table if exists pedidos 
       add constraint FK5ti4tnra3ey4hpd7ko661ndg0 
       foreign key (restaurante_id) 
       references restaurante
2025-07-25 10:22:56.059 [restartedMain] DEBUG [] org.hibernate.SQL - 
    alter table if exists produto 
       add constraint FKb9jhjyghjcn25guim7q4pt8qx 
       foreign key (restaurante_id) 
       references restaurante
2025-07-25 10:22:56.066 [restartedMain] INFO  [] o.s.o.j.LocalContainerEntityManagerFactoryBean - Initialized JPA EntityManagerFactory for persistence unit 'default'
2025-07-25 10:22:56.536 [restartedMain] INFO  [] o.s.d.j.r.query.QueryEnhancerFactory - Hibernate is in classpath; If applicable, HQL parser will be used.
2025-07-25 10:22:57.722 [restartedMain] WARN  [] o.s.s.c.a.a.c.InitializeUserDetailsBeanManagerConfigurer$InitializeUserDetailsManagerConfigurer - Found 2 UserDetailsService beans, with names [authService, usuarioService]. Global Authentication Manager will not use a UserDetailsService for username/password login. Consider publishing a single UserDetailsService bean.
2025-07-25 10:22:57.722 [restartedMain] DEBUG [] o.s.s.c.a.a.c.AuthenticationConfiguration$DefaultPasswordEncoderAuthenticationManagerBuilder - No authenticationProviders and no parentAuthenticationManager defined. Returning null.
2025-07-25 10:22:58.262 [restartedMain] INFO  [] o.s.b.a.e.web.EndpointLinksResolver - Exposing 6 endpoints beneath base path '/actuator'
2025-07-25 10:22:58.339 [restartedMain] DEBUG [] o.s.s.web.DefaultSecurityFilterChain - Will secure any request with filters: DisableEncodeUrlFilter, WebAsyncManagerIntegrationFilter, SecurityContextHolderFilter, HeaderWriterFilter, LogoutFilter, JwtAuthenticationFilter, RequestCacheAwareFilter, SecurityContextHolderAwareRequestFilter, AnonymousAuthenticationFilter, SessionManagementFilter, ExceptionTranslationFilter, AuthorizationFilter
2025-07-25 10:22:58.772 [restartedMain] INFO  [] o.s.b.a.h.H2ConsoleAutoConfiguration - H2 console available at '/h2-console'. Database available at 'jdbc:h2:mem:deliverydb'
2025-07-25 10:22:58.896 [restartedMain] INFO  [] o.s.b.d.a.OptionalLiveReloadServer - LiveReload server is running on port 35729
2025-07-25 10:22:59.051 [restartedMain] INFO  [] o.a.coyote.http11.Http11NioProtocol - Starting ProtocolHandler ["http-nio-8080"]
2025-07-25 10:22:59.082 [restartedMain] INFO  [] o.s.b.w.e.tomcat.TomcatWebServer - Tomcat started on port 8080 (http) with context path '/'
2025-07-25 10:22:59.106 [restartedMain] INFO  [] c.d.delivery.DeliveryApiApplication - Started DeliveryApiApplication in 10.788 seconds (process running for 14.803)
2025-07-25 10:22:59.227 [restartedMain] DEBUG [] org.hibernate.SQL - 
    /* <criteria> */ select
        p1_0.id,
        p1_0.cep_entrega,
        p1_0.cliente_id,
        p1_0.data_pedido,
        p1_0.endereco_entrega,
        p1_0.forma_pagamento,
        p1_0.numero_pedido,
        p1_0.observacoes,
        p1_0.restaurante_id,
        p1_0.status,
        p1_0.subtotal,
        p1_0.taxa_entrega,
        p1_0.valor_total 
    from
        pedidos p1_0
2025-07-25 10:22:59.260 [restartedMain] DEBUG [] org.hibernate.SQL - 
    /* <criteria> */ select
        p1_0.id,
        p1_0.categoria,
        p1_0.descricao,
        p1_0.disponivel,
        p1_0.estoque,
        p1_0.nome,
        p1_0.preco,
        p1_0.restaurante_id 
    from
        produto p1_0
2025-07-25 10:22:59.281 [restartedMain] DEBUG [] org.hibernate.SQL - 
    select
        r1_0.id,
        r1_0.ativo,
        r1_0.avaliacao,
        r1_0.categoria,
        r1_0.data_criacao,
        r1_0.endereco,
        r1_0.nome,
        r1_0.taxa_entrega,
        r1_0.telefone 
    from
        restaurante r1_0 
    where
        r1_0.id=?
2025-07-25 10:22:59.296 [restartedMain] DEBUG [] org.hibernate.SQL - 
    select
        r1_0.id,
        r1_0.ativo,
        r1_0.avaliacao,
        r1_0.categoria,
        r1_0.data_criacao,
        r1_0.endereco,
        r1_0.nome,
        r1_0.taxa_entrega,
        r1_0.telefone 
    from
        restaurante r1_0 
    where
        r1_0.id=?
2025-07-25 10:22:59.337 [restartedMain] DEBUG [] org.hibernate.SQL - 
    /* delete for com.deliverytech.delivery.entities.Produto */delete 
    from
        produto 
    where
        id=?
2025-07-25 10:22:59.340 [restartedMain] DEBUG [] org.hibernate.SQL - 
    /* delete for com.deliverytech.delivery.entities.Produto */delete 
    from
        produto 
    where
        id=?
2025-07-25 10:22:59.341 [restartedMain] DEBUG [] org.hibernate.SQL - 
    /* delete for com.deliverytech.delivery.entities.Produto */delete 
    from
        produto 
    where
        id=?
2025-07-25 10:22:59.341 [restartedMain] DEBUG [] org.hibernate.SQL - 
    /* delete for com.deliverytech.delivery.entities.Produto */delete 
    from
        produto 
    where
        id=?
2025-07-25 10:22:59.349 [restartedMain] DEBUG [] org.hibernate.SQL - 
    /* <criteria> */ select
        r1_0.id,
        r1_0.ativo,
        r1_0.avaliacao,
        r1_0.categoria,
        r1_0.data_criacao,
        r1_0.endereco,
        r1_0.nome,
        r1_0.taxa_entrega,
        r1_0.telefone 
    from
        restaurante r1_0
2025-07-25 10:22:59.357 [restartedMain] DEBUG [] org.hibernate.SQL - 
    select
        p1_0.restaurante_id,
        p1_0.id,
        p1_0.categoria,
        p1_0.descricao,
        p1_0.disponivel,
        p1_0.estoque,
        p1_0.nome,
        p1_0.preco 
    from
        produto p1_0 
    where
        p1_0.restaurante_id=?
2025-07-25 10:22:59.361 [restartedMain] DEBUG [] org.hibernate.SQL - 
    select
        p1_0.restaurante_id,
        p1_0.id,
        p1_0.categoria,
        p1_0.descricao,
        p1_0.disponivel,
        p1_0.estoque,
        p1_0.nome,
        p1_0.preco 
    from
        produto p1_0 
    where
        p1_0.restaurante_id=?
2025-07-25 10:22:59.364 [restartedMain] DEBUG [] org.hibernate.SQL - 
    /* delete for com.deliverytech.delivery.entities.Restaurante */delete 
    from
        restaurante 
    where
        id=?
2025-07-25 10:22:59.365 [restartedMain] DEBUG [] org.hibernate.SQL - 
    /* delete for com.deliverytech.delivery.entities.Restaurante */delete 
    from
        restaurante 
    where
        id=?
2025-07-25 10:22:59.368 [restartedMain] DEBUG [] org.hibernate.SQL - 
    /* <criteria> */ select
        u1_0.id,
        u1_0.ativo,
        u1_0.data_criacao,
        u1_0.email,
        u1_0.nome,
        u1_0.restaurante_id,
        u1_0.role,
        u1_0.senha 
    from
        usuario u1_0
2025-07-25 10:22:59.375 [restartedMain] DEBUG [] org.hibernate.SQL - 
    /* delete for com.deliverytech.delivery.entities.Usuario */delete 
    from
        usuario 
    where
        id=?
2025-07-25 10:22:59.376 [restartedMain] DEBUG [] org.hibernate.SQL - 
    /* delete for com.deliverytech.delivery.entities.Usuario */delete 
    from
        usuario 
    where
        id=?
2025-07-25 10:22:59.377 [restartedMain] DEBUG [] org.hibernate.SQL - 
    /* delete for com.deliverytech.delivery.entities.Usuario */delete 
    from
        usuario 
    where
        id=?
2025-07-25 10:22:59.377 [restartedMain] DEBUG [] org.hibernate.SQL - 
    /* delete for com.deliverytech.delivery.entities.Usuario */delete 
    from
        usuario 
    where
        id=?
2025-07-25 10:22:59.378 [restartedMain] DEBUG [] org.hibernate.SQL - 
    /* delete for com.deliverytech.delivery.entities.Usuario */delete 
    from
        usuario 
    where
        id=?
2025-07-25 10:22:59.378 [restartedMain] DEBUG [] org.hibernate.SQL - 
    /* delete for com.deliverytech.delivery.entities.Usuario */delete 
    from
        usuario 
    where
        id=?
2025-07-25 10:22:59.385 [restartedMain] DEBUG [] org.hibernate.SQL - 
    /* <criteria> */ select
        c1_0.id,
        c1_0.ativo,
        c1_0.cpf,
        c1_0.data_cadastro,
        c1_0.email,
        c1_0.endereco,
        c1_0.nome,
        c1_0.telefone,
        c1_0.usuario_id 
    from
        cliente c1_0
2025-07-25 10:22:59.462 [restartedMain] DEBUG [] org.hibernate.SQL - 
    /* <criteria> */ select
        u1_0.id,
        u1_0.ativo,
        u1_0.data_criacao,
        u1_0.email,
        u1_0.nome,
        u1_0.restaurante_id,
        u1_0.role,
        u1_0.senha 
    from
        usuario u1_0 
    where
        u1_0.email=?
2025-07-25 10:22:59.615 [restartedMain] DEBUG [] org.hibernate.SQL - 
    /* insert for
        com.deliverytech.delivery.entities.Usuario */insert 
    into
        usuario (ativo, data_criacao, email, nome, restaurante_id, role, senha, id) 
    values
        (?, ?, ?, ?, ?, ?, ?, default)
2025-07-25 10:22:59.634 [restartedMain] DEBUG [] org.hibernate.SQL - 
    /* <criteria> */ select
        u1_0.id,
        u1_0.ativo,
        u1_0.data_criacao,
        u1_0.email,
        u1_0.nome,
        u1_0.restaurante_id,
        u1_0.role,
        u1_0.senha 
    from
        usuario u1_0 
    where
        u1_0.email=?
2025-07-25 10:22:59.747 [restartedMain] DEBUG [] org.hibernate.SQL - 
    /* insert for
        com.deliverytech.delivery.entities.Usuario */insert 
    into
        usuario (ativo, data_criacao, email, nome, restaurante_id, role, senha, id) 
    values
        (?, ?, ?, ?, ?, ?, ?, default)
2025-07-25 10:22:59.751 [restartedMain] DEBUG [] org.hibernate.SQL - 
    /* <criteria> */ select
        u1_0.id,
        u1_0.ativo,
        u1_0.data_criacao,
        u1_0.email,
        u1_0.nome,
        u1_0.restaurante_id,
        u1_0.role,
        u1_0.senha 
    from
        usuario u1_0 
    where
        u1_0.email=?
2025-07-25 10:22:59.859 [restartedMain] DEBUG [] org.hibernate.SQL - 
    /* insert for
        com.deliverytech.delivery.entities.Usuario */insert 
    into
        usuario (ativo, data_criacao, email, nome, restaurante_id, role, senha, id) 
    values
        (?, ?, ?, ?, ?, ?, ?, default)
2025-07-25 10:22:59.864 [restartedMain] DEBUG [] org.hibernate.SQL - 
    /* <criteria> */ select
        u1_0.id,
        u1_0.ativo,
        u1_0.data_criacao,
        u1_0.email,
        u1_0.nome,
        u1_0.restaurante_id,
        u1_0.role,
        u1_0.senha 
    from
        usuario u1_0 
    where
        u1_0.email=?
2025-07-25 10:22:59.964 [restartedMain] DEBUG [] org.hibernate.SQL - 
    /* insert for
        com.deliverytech.delivery.entities.Usuario */insert 
    into
        usuario (ativo, data_criacao, email, nome, restaurante_id, role, senha, id) 
    values
        (?, ?, ?, ?, ?, ?, ?, default)
2025-07-25 10:22:59.967 [restartedMain] DEBUG [] org.hibernate.SQL - 
    /* insert for
        com.deliverytech.delivery.entities.Cliente */insert 
    into
        cliente (ativo, cpf, data_cadastro, email, endereco, nome, telefone, usuario_id, id) 
    values
        (?, ?, ?, ?, ?, ?, ?, ?, default)
2025-07-25 10:22:59.969 [restartedMain] DEBUG [] org.hibernate.SQL - 
    /* insert for
        com.deliverytech.delivery.entities.Cliente */insert 
    into
        cliente (ativo, cpf, data_cadastro, email, endereco, nome, telefone, usuario_id, id) 
    values
        (?, ?, ?, ?, ?, ?, ?, ?, default)
2025-07-25 10:22:59.970 [restartedMain] DEBUG [] org.hibernate.SQL - 
    /* insert for
        com.deliverytech.delivery.entities.Cliente */insert 
    into
        cliente (ativo, cpf, data_cadastro, email, endereco, nome, telefone, usuario_id, id) 
    values
        (?, ?, ?, ?, ?, ?, ?, ?, default)
2025-07-25 10:22:59.986 [restartedMain] DEBUG [] org.hibernate.SQL - 
    /* insert for
        com.deliverytech.delivery.entities.Restaurante */insert 
    into
        restaurante (ativo, avaliacao, categoria, data_criacao, endereco, nome, taxa_entrega, telefone, id) 
    values
        (?, ?, ?, ?, ?, ?, ?, ?, default)
2025-07-25 10:22:59.988 [restartedMain] DEBUG [] org.hibernate.SQL - 
    /* insert for
        com.deliverytech.delivery.entities.Restaurante */insert 
    into
        restaurante (ativo, avaliacao, categoria, data_criacao, endereco, nome, taxa_entrega, telefone, id) 
    values
        (?, ?, ?, ?, ?, ?, ?, ?, default)
2025-07-25 10:22:59.993 [restartedMain] DEBUG [] org.hibernate.SQL - 
    /* <criteria> */ select
        r1_0.id,
        r1_0.ativo,
        r1_0.avaliacao,
        r1_0.categoria,
        r1_0.data_criacao,
        r1_0.endereco,
        r1_0.nome,
        r1_0.taxa_entrega,
        r1_0.telefone 
    from
        restaurante r1_0
2025-07-25 10:22:59.997 [restartedMain] DEBUG [] org.hibernate.SQL - 
    /* insert for
        com.deliverytech.delivery.entities.Produto */insert 
    into
        produto (categoria, descricao, disponivel, estoque, nome, preco, restaurante_id, id) 
    values
        (?, ?, ?, ?, ?, ?, ?, default)
2025-07-25 10:22:59.998 [restartedMain] DEBUG [] org.hibernate.SQL - 
    /* insert for
        com.deliverytech.delivery.entities.Produto */insert 
    into
        produto (categoria, descricao, disponivel, estoque, nome, preco, restaurante_id, id) 
    values
        (?, ?, ?, ?, ?, ?, ?, default)
2025-07-25 10:22:59.999 [restartedMain] DEBUG [] org.hibernate.SQL - 
    /* insert for
        com.deliverytech.delivery.entities.Produto */insert 
    into
        produto (categoria, descricao, disponivel, estoque, nome, preco, restaurante_id, id) 
    values
        (?, ?, ?, ?, ?, ?, ?, default)
2025-07-25 10:23:00.000 [restartedMain] DEBUG [] org.hibernate.SQL - 
    /* insert for
        com.deliverytech.delivery.entities.Produto */insert 
    into
        produto (categoria, descricao, disponivel, estoque, nome, preco, restaurante_id, id) 
    values
        (?, ?, ?, ?, ?, ?, ?, default)
2025-07-25 10:23:00.001 [restartedMain] DEBUG [] org.hibernate.SQL - 
    /* insert for
        com.deliverytech.delivery.entities.Produto */insert 
    into
        produto (categoria, descricao, disponivel, estoque, nome, preco, restaurante_id, id) 
    values
        (?, ?, ?, ?, ?, ?, ?, default)
2025-07-25 10:23:00.004 [restartedMain] DEBUG [] org.hibernate.SQL - 
    /* <criteria> */ select
        c1_0.id,
        c1_0.ativo,
        c1_0.cpf,
        c1_0.data_cadastro,
        c1_0.email,
        c1_0.endereco,
        c1_0.nome,
        c1_0.telefone,
        c1_0.usuario_id 
    from
        cliente c1_0
2025-07-25 10:23:00.005 [restartedMain] DEBUG [] org.hibernate.SQL - 
    select
        u1_0.id,
        u1_0.ativo,
        u1_0.data_criacao,
        u1_0.email,
        u1_0.nome,
        u1_0.restaurante_id,
        u1_0.role,
        u1_0.senha 
    from
        usuario u1_0 
    where
        u1_0.id=?
2025-07-25 10:23:00.006 [restartedMain] DEBUG [] org.hibernate.SQL - 
    select
        u1_0.id,
        u1_0.ativo,
        u1_0.data_criacao,
        u1_0.email,
        u1_0.nome,
        u1_0.restaurante_id,
        u1_0.role,
        u1_0.senha 
    from
        usuario u1_0 
    where
        u1_0.id=?
2025-07-25 10:23:00.006 [restartedMain] DEBUG [] org.hibernate.SQL - 
    select
        u1_0.id,
        u1_0.ativo,
        u1_0.data_criacao,
        u1_0.email,
        u1_0.nome,
        u1_0.restaurante_id,
        u1_0.role,
        u1_0.senha 
    from
        usuario u1_0 
    where
        u1_0.id=?
2025-07-25 10:23:00.009 [restartedMain] DEBUG [] org.hibernate.SQL - 
    /* <criteria> */ select
        r1_0.id,
        r1_0.ativo,
        r1_0.avaliacao,
        r1_0.categoria,
        r1_0.data_criacao,
        r1_0.endereco,
        r1_0.nome,
        r1_0.taxa_entrega,
        r1_0.telefone 
    from
        restaurante r1_0
2025-07-25 10:23:00.015 [restartedMain] DEBUG [] org.hibernate.SQL - 
    /* <criteria> */ select
        p1_0.id,
        p1_0.categoria,
        p1_0.descricao,
        p1_0.disponivel,
        p1_0.estoque,
        p1_0.nome,
        p1_0.preco,
        p1_0.restaurante_id 
    from
        produto p1_0
2025-07-25 10:23:00.016 [restartedMain] DEBUG [] org.hibernate.SQL - 
    select
        r1_0.id,
        r1_0.ativo,
        r1_0.avaliacao,
        r1_0.categoria,
        r1_0.data_criacao,
        r1_0.endereco,
        r1_0.nome,
        r1_0.taxa_entrega,
        r1_0.telefone 
    from
        restaurante r1_0 
    where
        r1_0.id=?
2025-07-25 10:23:00.018 [restartedMain] DEBUG [] org.hibernate.SQL - 
    select
        r1_0.id,
        r1_0.ativo,
        r1_0.avaliacao,
        r1_0.categoria,
        r1_0.data_criacao,
        r1_0.endereco,
        r1_0.nome,
        r1_0.taxa_entrega,
        r1_0.telefone 
    from
        restaurante r1_0 
    where
        r1_0.id=?
2025-07-25 10:23:00.023 [restartedMain] DEBUG [] org.hibernate.SQL - 
    /* insert for
        com.deliverytech.delivery.entities.Pedido */insert 
    into
        pedidos (cep_entrega, cliente_id, data_pedido, endereco_entrega, forma_pagamento, numero_pedido, observacoes, restaurante_id, status, subtotal, taxa_entrega, valor_total, id) 
    values
        (?, ?, ?, ?, ?, ?, ?, ?, ?, ?, ?, ?, default)
2025-07-25 10:23:00.027 [restartedMain] DEBUG [] org.hibernate.SQL - 
    /* insert for
        com.deliverytech.delivery.entities.ItemPedido */insert 
    into
        itens_pedido (pedido_id, preco_unitario, produto_id, quantidade, subtotal, id) 
    values
        (?, ?, ?, ?, ?, default)
2025-07-25 10:23:00.030 [restartedMain] DEBUG [] org.hibernate.SQL - 
    /* insert for
        com.deliverytech.delivery.entities.Pedido */insert 
    into
        pedidos (cep_entrega, cliente_id, data_pedido, endereco_entrega, forma_pagamento, numero_pedido, observacoes, restaurante_id, status, subtotal, taxa_entrega, valor_total, id) 
    values
        (?, ?, ?, ?, ?, ?, ?, ?, ?, ?, ?, ?, default)
2025-07-25 10:23:00.032 [restartedMain] DEBUG [] org.hibernate.SQL - 
    /* insert for
        com.deliverytech.delivery.entities.ItemPedido */insert 
    into
        itens_pedido (pedido_id, preco_unitario, produto_id, quantidade, subtotal, id) 
    values
        (?, ?, ?, ?, ?, default)
2025-07-25 10:23:00.034 [restartedMain] DEBUG [] org.hibernate.SQL - 
    /* insert for
        com.deliverytech.delivery.entities.ItemPedido */insert 
    into
        itens_pedido (pedido_id, preco_unitario, produto_id, quantidade, subtotal, id) 
    values
        (?, ?, ?, ?, ?, default)
2025-07-25 10:23:00.043 [restartedMain] DEBUG [] org.hibernate.SQL - 
    /* <criteria> */ select
        c1_0.id,
        c1_0.ativo,
        c1_0.cpf,
        c1_0.data_cadastro,
        c1_0.email,
        c1_0.endereco,
        c1_0.nome,
        c1_0.telefone,
        c1_0.usuario_id 
    from
        cliente c1_0 
    where
        c1_0.email=?
2025-07-25 10:23:00.044 [restartedMain] DEBUG [] org.hibernate.SQL - 
    select
        u1_0.id,
        u1_0.ativo,
        u1_0.data_criacao,
        u1_0.email,
        u1_0.nome,
        u1_0.restaurante_id,
        u1_0.role,
        u1_0.senha 
    from
        usuario u1_0 
    where
        u1_0.id=?
2025-07-25 10:23:00.048 [restartedMain] DEBUG [] org.hibernate.SQL - 
    /* <criteria> */ select
        c1_0.id,
        c1_0.ativo,
        c1_0.cpf,
        c1_0.data_cadastro,
        c1_0.email,
        c1_0.endereco,
        c1_0.nome,
        c1_0.telefone,
        c1_0.usuario_id 
    from
        cliente c1_0 
    where
        c1_0.ativo
2025-07-25 10:23:00.049 [restartedMain] DEBUG [] org.hibernate.SQL - 
    select
        u1_0.id,
        u1_0.ativo,
        u1_0.data_criacao,
        u1_0.email,
        u1_0.nome,
        u1_0.restaurante_id,
        u1_0.role,
        u1_0.senha 
    from
        usuario u1_0 
    where
        u1_0.id=?
2025-07-25 10:23:00.051 [restartedMain] DEBUG [] org.hibernate.SQL - 
    select
        u1_0.id,
        u1_0.ativo,
        u1_0.data_criacao,
        u1_0.email,
        u1_0.nome,
        u1_0.restaurante_id,
        u1_0.role,
        u1_0.senha 
    from
        usuario u1_0 
    where
        u1_0.id=?
2025-07-25 10:23:00.061 [restartedMain] DEBUG [] org.hibernate.SQL - 
    /* <criteria> */ select
        c1_0.id,
        c1_0.ativo,
        c1_0.cpf,
        c1_0.data_cadastro,
        c1_0.email,
        c1_0.endereco,
        c1_0.nome,
        c1_0.telefone,
        c1_0.usuario_id 
    from
        cliente c1_0 
    where
        upper(c1_0.nome) like upper(?) escape '\'
2025-07-25 10:23:00.064 [restartedMain] DEBUG [] org.hibernate.SQL - 
    select
        u1_0.id,
        u1_0.ativo,
        u1_0.data_criacao,
        u1_0.email,
        u1_0.nome,
        u1_0.restaurante_id,
        u1_0.role,
        u1_0.senha 
    from
        usuario u1_0 
    where
        u1_0.id=?
2025-07-25 10:23:00.071 [restartedMain] DEBUG [] org.hibernate.SQL - 
    /* <criteria> */ select
        c1_0.id 
    from
        cliente c1_0 
    where
        c1_0.email=? 
    fetch
        first ? rows only
2025-07-25 10:23:00.538 [RMI TCP Connection(4)-127.0.0.1] INFO  [] o.a.c.c.C.[Tomcat].[localhost].[/] - Initializing Spring DispatcherServlet 'dispatcherServlet'
2025-07-25 10:23:00.539 [RMI TCP Connection(4)-127.0.0.1] INFO  [] o.s.web.servlet.DispatcherServlet - Initializing Servlet 'dispatcherServlet'
2025-07-25 10:23:00.541 [RMI TCP Connection(4)-127.0.0.1] INFO  [] o.s.web.servlet.DispatcherServlet - Completed initialization in 2 ms
2025-07-25 10:23:07.335 [http-nio-8080-exec-1] DEBUG [] o.s.security.web.FilterChainProxy - Securing GET /swagger-ui/index.html
2025-07-25 10:23:07.356 [http-nio-8080-exec-1] DEBUG [] o.s.s.w.a.AnonymousAuthenticationFilter - Set SecurityContextHolder to anonymous SecurityContext
2025-07-25 10:23:07.371 [http-nio-8080-exec-1] DEBUG [] o.s.security.web.FilterChainProxy - Secured GET /swagger-ui/index.html
2025-07-25 10:23:07.450 [http-nio-8080-exec-2] DEBUG [] o.s.security.web.FilterChainProxy - Securing GET /swagger-ui/swagger-ui.css
2025-07-25 10:23:07.451 [http-nio-8080-exec-4] DEBUG [] o.s.security.web.FilterChainProxy - Securing GET /swagger-ui/swagger-ui-bundle.js
2025-07-25 10:23:07.451 [http-nio-8080-exec-3] DEBUG [] o.s.security.web.FilterChainProxy - Securing GET /swagger-ui/index.css
2025-07-25 10:23:07.452 [http-nio-8080-exec-4] DEBUG [] o.s.s.w.a.AnonymousAuthenticationFilter - Set SecurityContextHolder to anonymous SecurityContext
2025-07-25 10:23:07.452 [http-nio-8080-exec-2] DEBUG [] o.s.s.w.a.AnonymousAuthenticationFilter - Set SecurityContextHolder to anonymous SecurityContext
2025-07-25 10:23:07.452 [http-nio-8080-exec-3] DEBUG [] o.s.s.w.a.AnonymousAuthenticationFilter - Set SecurityContextHolder to anonymous SecurityContext
2025-07-25 10:23:07.454 [http-nio-8080-exec-2] DEBUG [] o.s.security.web.FilterChainProxy - Secured GET /swagger-ui/swagger-ui.css
2025-07-25 10:23:07.454 [http-nio-8080-exec-3] DEBUG [] o.s.security.web.FilterChainProxy - Secured GET /swagger-ui/index.css
2025-07-25 10:23:07.454 [http-nio-8080-exec-4] DEBUG [] o.s.security.web.FilterChainProxy - Secured GET /swagger-ui/swagger-ui-bundle.js
2025-07-25 10:23:07.800 [http-nio-8080-exec-5] DEBUG [] o.s.security.web.FilterChainProxy - Securing GET /swagger-ui/swagger-ui-standalone-preset.js
2025-07-25 10:23:07.802 [http-nio-8080-exec-6] DEBUG [] o.s.security.web.FilterChainProxy - Securing GET /swagger-ui/swagger-initializer.js
2025-07-25 10:23:07.803 [http-nio-8080-exec-6] DEBUG [] o.s.s.w.a.AnonymousAuthenticationFilter - Set SecurityContextHolder to anonymous SecurityContext
2025-07-25 10:23:07.803 [http-nio-8080-exec-5] DEBUG [] o.s.s.w.a.AnonymousAuthenticationFilter - Set SecurityContextHolder to anonymous SecurityContext
2025-07-25 10:23:07.804 [http-nio-8080-exec-6] DEBUG [] o.s.security.web.FilterChainProxy - Secured GET /swagger-ui/swagger-initializer.js
2025-07-25 10:23:07.808 [http-nio-8080-exec-5] DEBUG [] o.s.security.web.FilterChainProxy - Secured GET /swagger-ui/swagger-ui-standalone-preset.js
2025-07-25 10:23:08.234 [http-nio-8080-exec-7] DEBUG [] o.s.security.web.FilterChainProxy - Securing GET /v3/api-docs/swagger-config
2025-07-25 10:23:08.235 [http-nio-8080-exec-7] DEBUG [] o.s.s.w.a.AnonymousAuthenticationFilter - Set SecurityContextHolder to anonymous SecurityContext
2025-07-25 10:23:08.239 [http-nio-8080-exec-7] DEBUG [] o.s.security.web.FilterChainProxy - Secured GET /v3/api-docs/swagger-config
2025-07-25 10:23:08.297 [http-nio-8080-exec-8] DEBUG [] o.s.security.web.FilterChainProxy - Securing GET /v3/api-docs
2025-07-25 10:23:08.297 [http-nio-8080-exec-8] DEBUG [] o.s.s.w.a.AnonymousAuthenticationFilter - Set SecurityContextHolder to anonymous SecurityContext
2025-07-25 10:23:08.299 [http-nio-8080-exec-8] DEBUG [] o.s.security.web.FilterChainProxy - Secured GET /v3/api-docs
2025-07-25 10:23:09.456 [http-nio-8080-exec-8] INFO  [386769786ad14ef0] o.s.api.AbstractOpenApiResource - Init duration for springdoc-openapi is: 1139 ms
2025-07-25 10:26:07.752 [http-nio-8080-exec-3] DEBUG [] o.s.security.web.FilterChainProxy - Securing GET /swagger-ui/index.html
2025-07-25 10:26:07.756 [http-nio-8080-exec-3] DEBUG [] o.s.s.w.a.AnonymousAuthenticationFilter - Set SecurityContextHolder to anonymous SecurityContext
2025-07-25 10:26:07.760 [http-nio-8080-exec-3] DEBUG [] o.s.security.web.FilterChainProxy - Secured GET /swagger-ui/index.html
2025-07-25 10:26:07.997 [http-nio-8080-exec-4] DEBUG [] o.s.security.web.FilterChainProxy - Securing GET /swagger-ui/index.css
2025-07-25 10:26:07.997 [http-nio-8080-exec-2] DEBUG [] o.s.security.web.FilterChainProxy - Securing GET /swagger-ui/swagger-ui.css
2025-07-25 10:26:07.999 [http-nio-8080-exec-2] DEBUG [] o.s.s.w.a.AnonymousAuthenticationFilter - Set SecurityContextHolder to anonymous SecurityContext
2025-07-25 10:26:07.999 [http-nio-8080-exec-4] DEBUG [] o.s.s.w.a.AnonymousAuthenticationFilter - Set SecurityContextHolder to anonymous SecurityContext
2025-07-25 10:26:08.000 [http-nio-8080-exec-2] DEBUG [] o.s.security.web.FilterChainProxy - Secured GET /swagger-ui/swagger-ui.css
2025-07-25 10:26:08.002 [http-nio-8080-exec-4] DEBUG [] o.s.security.web.FilterChainProxy - Secured GET /swagger-ui/index.css
2025-07-25 10:26:08.220 [http-nio-8080-exec-5] DEBUG [] o.s.security.web.FilterChainProxy - Securing GET /swagger-ui/swagger-ui-bundle.js
2025-07-25 10:26:08.221 [http-nio-8080-exec-5] DEBUG [] o.s.s.w.a.AnonymousAuthenticationFilter - Set SecurityContextHolder to anonymous SecurityContext
2025-07-25 10:26:08.223 [http-nio-8080-exec-5] DEBUG [] o.s.security.web.FilterChainProxy - Secured GET /swagger-ui/swagger-ui-bundle.js
2025-07-25 10:26:08.474 [http-nio-8080-exec-7] DEBUG [] o.s.security.web.FilterChainProxy - Securing GET /swagger-ui/swagger-initializer.js
2025-07-25 10:26:08.475 [http-nio-8080-exec-6] DEBUG [] o.s.security.web.FilterChainProxy - Securing GET /swagger-ui/swagger-ui-standalone-preset.js
2025-07-25 10:26:08.476 [http-nio-8080-exec-7] DEBUG [] o.s.s.w.a.AnonymousAuthenticationFilter - Set SecurityContextHolder to anonymous SecurityContext
2025-07-25 10:26:08.480 [http-nio-8080-exec-7] DEBUG [] o.s.security.web.FilterChainProxy - Secured GET /swagger-ui/swagger-initializer.js
2025-07-25 10:26:08.479 [http-nio-8080-exec-6] DEBUG [] o.s.s.w.a.AnonymousAuthenticationFilter - Set SecurityContextHolder to anonymous SecurityContext
2025-07-25 10:26:08.485 [http-nio-8080-exec-6] DEBUG [] o.s.security.web.FilterChainProxy - Secured GET /swagger-ui/swagger-ui-standalone-preset.js
2025-07-25 10:26:09.129 [http-nio-8080-exec-8] DEBUG [] o.s.security.web.FilterChainProxy - Securing GET /v3/api-docs/swagger-config
2025-07-25 10:26:09.130 [http-nio-8080-exec-8] DEBUG [] o.s.s.w.a.AnonymousAuthenticationFilter - Set SecurityContextHolder to anonymous SecurityContext
2025-07-25 10:26:09.133 [http-nio-8080-exec-8] DEBUG [] o.s.security.web.FilterChainProxy - Secured GET /v3/api-docs/swagger-config
2025-07-25 10:26:09.166 [http-nio-8080-exec-9] DEBUG [] o.s.security.web.FilterChainProxy - Securing GET /v3/api-docs
2025-07-25 10:26:09.167 [http-nio-8080-exec-9] DEBUG [] o.s.s.w.a.AnonymousAuthenticationFilter - Set SecurityContextHolder to anonymous SecurityContext
2025-07-25 10:26:09.170 [http-nio-8080-exec-9] DEBUG [] o.s.security.web.FilterChainProxy - Secured GET /v3/api-docs
2025-07-25 10:26:19.736 [http-nio-8080-exec-10] DEBUG [] o.s.security.web.FilterChainProxy - Securing GET /api/dashboard
2025-07-25 10:26:19.740 [http-nio-8080-exec-10] DEBUG [] o.s.s.w.a.AnonymousAuthenticationFilter - Set SecurityContextHolder to anonymous SecurityContext
2025-07-25 10:26:19.754 [http-nio-8080-exec-10] DEBUG [] o.s.s.w.a.Http403ForbiddenEntryPoint - Pre-authenticated entry point called. Rejecting access
2025-07-25 10:26:19.779 [http-nio-8080-exec-10] DEBUG [] o.s.security.web.FilterChainProxy - Securing GET /error
2025-07-25 10:26:19.781 [http-nio-8080-exec-10] DEBUG [] o.s.s.w.a.AnonymousAuthenticationFilter - Set SecurityContextHolder to anonymous SecurityContext
2025-07-25 10:26:19.782 [http-nio-8080-exec-10] DEBUG [] o.s.s.w.a.Http403ForbiddenEntryPoint - Pre-authenticated entry point called. Rejecting access
2025-07-25 10:27:58.366 [http-nio-8080-exec-2] DEBUG [] o.s.security.web.FilterChainProxy - Securing POST /api/auth/login
2025-07-25 10:27:58.366 [http-nio-8080-exec-2] DEBUG [] o.s.s.w.a.AnonymousAuthenticationFilter - Set SecurityContextHolder to anonymous SecurityContext
2025-07-25 10:27:58.367 [http-nio-8080-exec-2] DEBUG [] o.s.security.web.FilterChainProxy - Secured POST /api/auth/login
2025-07-25 10:27:58.424 [http-nio-8080-exec-2] DEBUG [bc115d4e7a9d4ab5] org.hibernate.SQL - 
    /* <criteria> */ select
        u1_0.id,
        u1_0.ativo,
        u1_0.data_criacao,
        u1_0.email,
        u1_0.nome,
        u1_0.restaurante_id,
        u1_0.role,
        u1_0.senha 
    from
        usuario u1_0 
    where
        u1_0.email=?
2025-07-25 10:28:13.714 [http-nio-8080-exec-5] DEBUG [] o.s.security.web.FilterChainProxy - Securing GET /swagger-ui/index.html
2025-07-25 10:28:13.714 [http-nio-8080-exec-5] DEBUG [] o.s.s.w.a.AnonymousAuthenticationFilter - Set SecurityContextHolder to anonymous SecurityContext
2025-07-25 10:28:13.715 [http-nio-8080-exec-5] DEBUG [] o.s.security.web.FilterChainProxy - Secured GET /swagger-ui/index.html
2025-07-25 10:28:13.742 [http-nio-8080-exec-7] DEBUG [] o.s.security.web.FilterChainProxy - Securing GET /swagger-ui/swagger-ui.css
2025-07-25 10:28:13.742 [http-nio-8080-exec-7] DEBUG [] o.s.s.w.a.AnonymousAuthenticationFilter - Set SecurityContextHolder to anonymous SecurityContext
2025-07-25 10:28:13.744 [http-nio-8080-exec-7] DEBUG [] o.s.security.web.FilterChainProxy - Secured GET /swagger-ui/swagger-ui.css
2025-07-25 10:28:13.756 [http-nio-8080-exec-8] DEBUG [] o.s.security.web.FilterChainProxy - Securing GET /swagger-ui/swagger-ui-standalone-preset.js
2025-07-25 10:28:13.756 [http-nio-8080-exec-7] DEBUG [] o.s.security.web.FilterChainProxy - Securing GET /swagger-ui/index.css
2025-07-25 10:28:13.756 [http-nio-8080-exec-6] DEBUG [] o.s.security.web.FilterChainProxy - Securing GET /swagger-ui/swagger-ui-bundle.js
2025-07-25 10:28:13.756 [http-nio-8080-exec-9] DEBUG [] o.s.security.web.FilterChainProxy - Securing GET /swagger-ui/swagger-initializer.js
2025-07-25 10:28:13.756 [http-nio-8080-exec-7] DEBUG [] o.s.s.w.a.AnonymousAuthenticationFilter - Set SecurityContextHolder to anonymous SecurityContext
2025-07-25 10:28:13.756 [http-nio-8080-exec-8] DEBUG [] o.s.s.w.a.AnonymousAuthenticationFilter - Set SecurityContextHolder to anonymous SecurityContext
2025-07-25 10:28:13.756 [http-nio-8080-exec-9] DEBUG [] o.s.s.w.a.AnonymousAuthenticationFilter - Set SecurityContextHolder to anonymous SecurityContext
2025-07-25 10:28:13.757 [http-nio-8080-exec-7] DEBUG [] o.s.security.web.FilterChainProxy - Secured GET /swagger-ui/index.css
2025-07-25 10:28:13.757 [http-nio-8080-exec-8] DEBUG [] o.s.security.web.FilterChainProxy - Secured GET /swagger-ui/swagger-ui-standalone-preset.js
2025-07-25 10:28:13.757 [http-nio-8080-exec-6] DEBUG [] o.s.s.w.a.AnonymousAuthenticationFilter - Set SecurityContextHolder to anonymous SecurityContext
2025-07-25 10:28:13.757 [http-nio-8080-exec-6] DEBUG [] o.s.security.web.FilterChainProxy - Secured GET /swagger-ui/swagger-ui-bundle.js
2025-07-25 10:28:13.757 [http-nio-8080-exec-9] DEBUG [] o.s.security.web.FilterChainProxy - Secured GET /swagger-ui/swagger-initializer.js
2025-07-25 10:28:14.098 [http-nio-8080-exec-10] DEBUG [] o.s.security.web.FilterChainProxy - Securing GET /v3/api-docs/swagger-config
2025-07-25 10:28:14.099 [http-nio-8080-exec-10] DEBUG [] o.s.s.w.a.AnonymousAuthenticationFilter - Set SecurityContextHolder to anonymous SecurityContext
2025-07-25 10:28:14.099 [http-nio-8080-exec-10] DEBUG [] o.s.security.web.FilterChainProxy - Secured GET /v3/api-docs/swagger-config
2025-07-25 10:28:14.131 [http-nio-8080-exec-1] DEBUG [] o.s.security.web.FilterChainProxy - Securing GET /swagger-ui/favicon-32x32.png
2025-07-25 10:28:14.133 [http-nio-8080-exec-1] DEBUG [] o.s.s.w.a.AnonymousAuthenticationFilter - Set SecurityContextHolder to anonymous SecurityContext
2025-07-25 10:28:14.137 [http-nio-8080-exec-1] DEBUG [] o.s.security.web.FilterChainProxy - Secured GET /swagger-ui/favicon-32x32.png
2025-07-25 10:28:14.175 [http-nio-8080-exec-3] DEBUG [] o.s.security.web.FilterChainProxy - Securing GET /v3/api-docs
2025-07-25 10:28:14.176 [http-nio-8080-exec-3] DEBUG [] o.s.s.w.a.AnonymousAuthenticationFilter - Set SecurityContextHolder to anonymous SecurityContext
2025-07-25 10:28:14.178 [http-nio-8080-exec-3] DEBUG [] o.s.security.web.FilterChainProxy - Secured GET /v3/api-docs
2025-07-25 10:28:14.187 [http-nio-8080-exec-4] DEBUG [] o.s.security.web.FilterChainProxy - Securing GET /swagger-ui/favicon-32x32.png
2025-07-25 10:28:14.189 [http-nio-8080-exec-4] DEBUG [] o.s.s.w.a.AnonymousAuthenticationFilter - Set SecurityContextHolder to anonymous SecurityContext
2025-07-25 10:28:14.190 [http-nio-8080-exec-4] DEBUG [] o.s.security.web.FilterChainProxy - Secured GET /swagger-ui/favicon-32x32.png
2025-07-25 10:28:25.346 [http-nio-8080-exec-2] DEBUG [] o.s.security.web.FilterChainProxy - Securing GET /swagger-ui/index.html
2025-07-25 10:28:25.346 [http-nio-8080-exec-2] DEBUG [] o.s.s.w.a.AnonymousAuthenticationFilter - Set SecurityContextHolder to anonymous SecurityContext
2025-07-25 10:28:25.346 [http-nio-8080-exec-2] DEBUG [] o.s.security.web.FilterChainProxy - Secured GET /swagger-ui/index.html
2025-07-25 10:28:25.364 [http-nio-8080-exec-5] DEBUG [] o.s.security.web.FilterChainProxy - Securing GET /swagger-ui/swagger-ui.css
2025-07-25 10:28:25.365 [http-nio-8080-exec-8] DEBUG [] o.s.security.web.FilterChainProxy - Securing GET /swagger-ui/swagger-ui-bundle.js
2025-07-25 10:28:25.365 [http-nio-8080-exec-7] DEBUG [] o.s.security.web.FilterChainProxy - Securing GET /swagger-ui/index.css
2025-07-25 10:28:25.374 [http-nio-8080-exec-7] DEBUG [] o.s.s.w.a.AnonymousAuthenticationFilter - Set SecurityContextHolder to anonymous SecurityContext
2025-07-25 10:28:25.374 [http-nio-8080-exec-8] DEBUG [] o.s.s.w.a.AnonymousAuthenticationFilter - Set SecurityContextHolder to anonymous SecurityContext
2025-07-25 10:28:25.375 [http-nio-8080-exec-5] DEBUG [] o.s.s.w.a.AnonymousAuthenticationFilter - Set SecurityContextHolder to anonymous SecurityContext
2025-07-25 10:28:25.375 [http-nio-8080-exec-8] DEBUG [] o.s.security.web.FilterChainProxy - Secured GET /swagger-ui/swagger-ui-bundle.js
2025-07-25 10:28:25.375 [http-nio-8080-exec-7] DEBUG [] o.s.security.web.FilterChainProxy - Secured GET /swagger-ui/index.css
2025-07-25 10:28:25.376 [http-nio-8080-exec-5] DEBUG [] o.s.security.web.FilterChainProxy - Secured GET /swagger-ui/swagger-ui.css
2025-07-25 10:28:25.397 [http-nio-8080-exec-9] DEBUG [] o.s.security.web.FilterChainProxy - Securing GET /swagger-ui/swagger-ui-standalone-preset.js
2025-07-25 10:28:25.398 [http-nio-8080-exec-6] DEBUG [] o.s.security.web.FilterChainProxy - Securing GET /swagger-ui/swagger-initializer.js
2025-07-25 10:28:25.399 [http-nio-8080-exec-6] DEBUG [] o.s.s.w.a.AnonymousAuthenticationFilter - Set SecurityContextHolder to anonymous SecurityContext
2025-07-25 10:28:25.400 [http-nio-8080-exec-9] DEBUG [] o.s.s.w.a.AnonymousAuthenticationFilter - Set SecurityContextHolder to anonymous SecurityContext
2025-07-25 10:28:25.400 [http-nio-8080-exec-6] DEBUG [] o.s.security.web.FilterChainProxy - Secured GET /swagger-ui/swagger-initializer.js
2025-07-25 10:28:25.402 [http-nio-8080-exec-9] DEBUG [] o.s.security.web.FilterChainProxy - Secured GET /swagger-ui/swagger-ui-standalone-preset.js
2025-07-25 10:28:26.017 [http-nio-8080-exec-10] DEBUG [] o.s.security.web.FilterChainProxy - Securing GET /v3/api-docs/swagger-config
2025-07-25 10:28:26.018 [http-nio-8080-exec-10] DEBUG [] o.s.s.w.a.AnonymousAuthenticationFilter - Set SecurityContextHolder to anonymous SecurityContext
2025-07-25 10:28:26.018 [http-nio-8080-exec-10] DEBUG [] o.s.security.web.FilterChainProxy - Secured GET /v3/api-docs/swagger-config
2025-07-25 10:28:26.041 [http-nio-8080-exec-1] DEBUG [] o.s.security.web.FilterChainProxy - Securing GET /v3/api-docs
2025-07-25 10:28:26.041 [http-nio-8080-exec-1] DEBUG [] o.s.s.w.a.AnonymousAuthenticationFilter - Set SecurityContextHolder to anonymous SecurityContext
2025-07-25 10:28:26.043 [http-nio-8080-exec-1] DEBUG [] o.s.security.web.FilterChainProxy - Secured GET /v3/api-docs
2025-07-25 10:28:37.135 [http-nio-8080-exec-3] DEBUG [] o.s.security.web.FilterChainProxy - Securing GET /api/dashboard
2025-07-25 10:28:37.136 [http-nio-8080-exec-3] DEBUG [] o.s.s.w.a.AnonymousAuthenticationFilter - Set SecurityContextHolder to anonymous SecurityContext
2025-07-25 10:28:37.137 [http-nio-8080-exec-3] DEBUG [] o.s.s.w.a.Http403ForbiddenEntryPoint - Pre-authenticated entry point called. Rejecting access
2025-07-25 10:28:37.138 [http-nio-8080-exec-3] DEBUG [] o.s.security.web.FilterChainProxy - Securing GET /error
2025-07-25 10:28:37.139 [http-nio-8080-exec-3] DEBUG [] o.s.s.w.a.AnonymousAuthenticationFilter - Set SecurityContextHolder to anonymous SecurityContext
2025-07-25 10:28:37.139 [http-nio-8080-exec-3] DEBUG [] o.s.s.w.a.Http403ForbiddenEntryPoint - Pre-authenticated entry point called. Rejecting access
2025-07-25 10:30:34.359 [http-nio-8080-exec-6] DEBUG [] o.s.security.web.FilterChainProxy - Securing GET /dashboard/api/metrics
2025-07-25 10:30:34.391 [http-nio-8080-exec-6] DEBUG [] org.hibernate.SQL - 
    /* <criteria> */ select
        u1_0.id,
        u1_0.ativo,
        u1_0.data_criacao,
        u1_0.email,
        u1_0.nome,
        u1_0.restaurante_id,
        u1_0.role,
        u1_0.senha 
    from
        usuario u1_0 
    where
        u1_0.email=?
2025-07-25 10:30:34.396 [http-nio-8080-exec-6] DEBUG [] o.s.s.w.a.s.ChangeSessionIdAuthenticationStrategy - Changed session id from 39A16DCC3619B365EC474CD5DAD3012D
2025-07-25 10:30:34.397 [http-nio-8080-exec-6] DEBUG [] o.s.security.web.FilterChainProxy - Secured GET /dashboard/api/metrics
2025-07-25 10:30:50.694 [http-nio-8080-exec-8] DEBUG [] o.s.security.web.FilterChainProxy - Securing GET /api/dashboard
2025-07-25 10:30:50.694 [http-nio-8080-exec-8] DEBUG [] o.s.s.w.a.AnonymousAuthenticationFilter - Set SecurityContextHolder to anonymous SecurityContext
2025-07-25 10:30:50.695 [http-nio-8080-exec-8] DEBUG [] o.s.s.w.a.Http403ForbiddenEntryPoint - Pre-authenticated entry point called. Rejecting access
2025-07-25 10:30:50.696 [http-nio-8080-exec-8] DEBUG [] o.s.security.web.FilterChainProxy - Securing GET /error
2025-07-25 10:30:50.696 [http-nio-8080-exec-8] DEBUG [] o.s.s.w.a.AnonymousAuthenticationFilter - Set SecurityContextHolder to anonymous SecurityContext
2025-07-25 10:30:50.696 [http-nio-8080-exec-8] DEBUG [] o.s.s.w.a.Http403ForbiddenEntryPoint - Pre-authenticated entry point called. Rejecting access
2025-07-25 10:32:39.588 [RMI TCP Connection(14)-127.0.0.1] INFO  [] o.s.b.a.SpringApplicationAdminMXBeanRegistrar$SpringApplicationAdmin - Application shutdown requested.
2025-07-25 10:32:39.592 [RMI TCP Connection(14)-127.0.0.1] INFO  [] o.a.coyote.http11.Http11NioProtocol - Stopping ProtocolHandler ["http-nio-8080"]
2025-07-25 10:32:39.622 [RMI TCP Connection(14)-127.0.0.1] INFO  [] o.s.o.j.LocalContainerEntityManagerFactoryBean - Closing JPA EntityManagerFactory for persistence unit 'default'
2025-07-25 10:32:39.622 [RMI TCP Connection(14)-127.0.0.1] DEBUG [] org.hibernate.SQL - 
    drop table if exists cliente cascade 
2025-07-25 10:32:39.625 [RMI TCP Connection(14)-127.0.0.1] DEBUG [] org.hibernate.SQL - 
    drop table if exists itens_pedido cascade 
2025-07-25 10:32:39.626 [RMI TCP Connection(14)-127.0.0.1] DEBUG [] org.hibernate.SQL - 
    drop table if exists pedidos cascade 
2025-07-25 10:32:39.627 [RMI TCP Connection(14)-127.0.0.1] DEBUG [] org.hibernate.SQL - 
    drop table if exists produto cascade 
2025-07-25 10:32:39.627 [RMI TCP Connection(14)-127.0.0.1] DEBUG [] org.hibernate.SQL - 
    drop table if exists restaurante cascade 
2025-07-25 10:32:39.628 [RMI TCP Connection(14)-127.0.0.1] DEBUG [] org.hibernate.SQL - 
    drop table if exists usuario cascade 
2025-07-25 10:32:39.647 [RMI TCP Connection(14)-127.0.0.1] WARN  [] o.s.b.f.s.DisposableBeanAdapter - Invocation of destroy method failed on bean with name 'inMemoryDatabaseShutdownExecutor': org.h2.jdbc.JdbcSQLNonTransientConnectionException: Database is already closed (to disable automatic closing at VM shutdown, add ";DB_CLOSE_ON_EXIT=FALSE" to the db URL) [90121-224]
2025-07-25 10:32:39.648 [RMI TCP Connection(14)-127.0.0.1] INFO  [] com.zaxxer.hikari.HikariDataSource - HikariPool-1 - Shutdown initiated...
2025-07-25 10:32:39.651 [RMI TCP Connection(14)-127.0.0.1] INFO  [] com.zaxxer.hikari.HikariDataSource - HikariPool-1 - Shutdown completed.
2025-07-25 10:38:49.205 [restartedMain] INFO  [] c.d.delivery.DeliveryApiApplication - Starting DeliveryApiApplication using Java 21.0.7 with PID 19996 (C:\FAT_Java_2025\workspace - local\delivery-api\target\classes started by rebre in C:\FAT_Java_2025\workspace - local\delivery-api)
2025-07-25 10:38:49.209 [restartedMain] INFO  [] c.d.delivery.DeliveryApiApplication - No active profile set, falling back to 1 default profile: "default"
2025-07-25 10:38:49.309 [restartedMain] INFO  [] o.s.b.d.e.DevToolsPropertyDefaultsPostProcessor - Devtools property defaults active! Set 'spring.devtools.add-properties' to 'false' to disable
2025-07-25 10:38:49.309 [restartedMain] INFO  [] o.s.b.d.e.DevToolsPropertyDefaultsPostProcessor - For additional web related logging consider setting the 'logging.level.web' property to 'DEBUG'
2025-07-25 10:38:51.913 [restartedMain] INFO  [] o.s.d.r.c.RepositoryConfigurationDelegate - Multiple Spring Data modules found, entering strict repository configuration mode
2025-07-25 10:38:51.916 [restartedMain] INFO  [] o.s.d.r.c.RepositoryConfigurationDelegate - Bootstrapping Spring Data JPA repositories in DEFAULT mode.
2025-07-25 10:38:52.062 [restartedMain] INFO  [] o.s.d.r.c.RepositoryConfigurationDelegate - Finished Spring Data repository scanning in 134 ms. Found 6 JPA repository interfaces.
2025-07-25 10:38:52.457 [restartedMain] INFO  [] o.s.cloud.context.scope.GenericScope - BeanFactory id=28b6c429-40c5-30ab-b3ab-95696e5b37fb
2025-07-25 10:38:53.455 [restartedMain] INFO  [] o.s.b.w.e.tomcat.TomcatWebServer - Tomcat initialized with port 8080 (http)
2025-07-25 10:38:53.475 [restartedMain] INFO  [] o.a.coyote.http11.Http11NioProtocol - Initializing ProtocolHandler ["http-nio-8080"]
2025-07-25 10:38:53.479 [restartedMain] INFO  [] o.a.catalina.core.StandardService - Starting service [Tomcat]
2025-07-25 10:38:53.480 [restartedMain] INFO  [] o.a.catalina.core.StandardEngine - Starting Servlet engine: [Apache Tomcat/10.1.42]
2025-07-25 10:38:53.592 [restartedMain] INFO  [] o.a.c.c.C.[Tomcat].[localhost].[/] - Initializing Spring embedded WebApplicationContext
2025-07-25 10:38:53.592 [restartedMain] INFO  [] o.s.b.w.s.c.ServletWebServerApplicationContext - Root WebApplicationContext: initialization completed in 4282 ms
2025-07-25 10:38:54.676 [restartedMain] INFO  [] o.s.o.j.p.SpringPersistenceUnitInfo - No LoadTimeWeaver setup: ignoring JPA class transformer
2025-07-25 10:38:54.727 [restartedMain] INFO  [] com.zaxxer.hikari.HikariDataSource - HikariPool-1 - Starting...
2025-07-25 10:38:55.285 [restartedMain] INFO  [] com.zaxxer.hikari.pool.HikariPool - HikariPool-1 - Added connection conn0: url=jdbc:h2:mem:deliverydb user=SA
2025-07-25 10:38:55.290 [restartedMain] INFO  [] com.zaxxer.hikari.HikariDataSource - HikariPool-1 - Start completed.
2025-07-25 10:38:55.429 [restartedMain] WARN  [] org.hibernate.orm.deprecation - HHH90000025: H2Dialect does not need to be specified explicitly using 'hibernate.dialect' (remove the property setting and it will be selected by default)
2025-07-25 10:38:57.891 [restartedMain] DEBUG [] org.hibernate.SQL - 
    drop table if exists cliente cascade 
2025-07-25 10:38:57.899 [restartedMain] DEBUG [] org.hibernate.SQL - 
    drop table if exists itens_pedido cascade 
2025-07-25 10:38:57.900 [restartedMain] DEBUG [] org.hibernate.SQL - 
    drop table if exists pedidos cascade 
2025-07-25 10:38:57.901 [restartedMain] DEBUG [] org.hibernate.SQL - 
    drop table if exists produto cascade 
2025-07-25 10:38:57.901 [restartedMain] DEBUG [] org.hibernate.SQL - 
    drop table if exists restaurante cascade 
2025-07-25 10:38:57.901 [restartedMain] DEBUG [] org.hibernate.SQL - 
    drop table if exists usuario cascade 
2025-07-25 10:38:57.913 [restartedMain] DEBUG [] org.hibernate.SQL - 
    create table cliente (
        ativo boolean not null,
        data_cadastro timestamp(6),
        id bigint generated by default as identity,
        usuario_id bigint not null unique,
        cpf varchar(255),
        email varchar(255),
        endereco varchar(255),
        nome varchar(255),
        telefone varchar(255),
        primary key (id)
    )
2025-07-25 10:38:57.930 [restartedMain] DEBUG [] org.hibernate.SQL - 
    create table itens_pedido (
        preco_unitario numeric(38,2),
        quantidade integer not null,
        subtotal numeric(38,2),
        id bigint generated by default as identity,
        pedido_id bigint,
        produto_id bigint,
        primary key (id)
    )
2025-07-25 10:38:57.934 [restartedMain] DEBUG [] org.hibernate.SQL - 
    create table pedidos (
        data_pedido date,
        subtotal numeric(38,2),
        taxa_entrega numeric(10,2),
        valor_total numeric(38,2),
        cliente_id bigint,
        id bigint generated by default as identity,
        restaurante_id bigint,
        cep_entrega varchar(255) not null,
        endereco_entrega varchar(255) not null,
        numero_pedido varchar(255),
        observacoes varchar(255),
        forma_pagamento enum ('CARTAO_CREDITO','CARTAO_DEBITO','DINHEIRO','PIX','VALE_REFEICAO') not null,
        status enum ('CANCELADO','CONFIRMADO','ENTREGUE','PENDENTE','PREPARANDO','PRONTO','SAIU_PARA_ENTREGA'),
        primary key (id)
    )
2025-07-25 10:38:57.937 [restartedMain] DEBUG [] org.hibernate.SQL - 
    create table produto (
        disponivel boolean not null,
        estoque integer not null,
        preco numeric(38,2),
        id bigint generated by default as identity,
        restaurante_id bigint not null,
        categoria varchar(255),
        descricao varchar(255),
        nome varchar(255),
        primary key (id)
    )
2025-07-25 10:38:57.939 [restartedMain] DEBUG [] org.hibernate.SQL - 
    create table restaurante (
        ativo boolean not null,
        avaliacao numeric(3,2),
        taxa_entrega numeric(10,2) not null,
        data_criacao timestamp(6) not null,
        id bigint generated by default as identity,
        nome varchar(100) not null,
        categoria varchar(255) not null,
        endereco varchar(255) not null,
        telefone varchar(255) not null,
        primary key (id)
    )
2025-07-25 10:38:57.940 [restartedMain] DEBUG [] org.hibernate.SQL - 
    create table usuario (
        ativo boolean not null,
        data_criacao timestamp(6) not null,
        id bigint generated by default as identity,
        restaurante_id bigint,
        email varchar(255) not null unique,
        nome varchar(255) not null,
        senha varchar(255) not null,
        role enum ('ADMIN','CLIENTE','ENTREGADOR','RESTAURANTE') not null,
        primary key (id)
    )
2025-07-25 10:38:57.944 [restartedMain] DEBUG [] org.hibernate.SQL - 
    alter table if exists cliente 
       add constraint FKc3u631ocxdrtm3ccpme0kjlmu 
       foreign key (usuario_id) 
       references usuario
2025-07-25 10:38:57.963 [restartedMain] DEBUG [] org.hibernate.SQL - 
    alter table if exists itens_pedido 
       add constraint FK42mycompce3b7yt3l6ukdwsxy 
       foreign key (pedido_id) 
       references pedidos
2025-07-25 10:38:57.966 [restartedMain] DEBUG [] org.hibernate.SQL - 
    alter table if exists itens_pedido 
       add constraint FK3uo2duj20r2i4mwplv4vb26u6 
       foreign key (produto_id) 
       references produto
2025-07-25 10:38:57.968 [restartedMain] DEBUG [] org.hibernate.SQL - 
    alter table if exists pedidos 
       add constraint FK6wgk5emlhdcthucnnmi4dpl33 
       foreign key (cliente_id) 
       references cliente
2025-07-25 10:38:57.970 [restartedMain] DEBUG [] org.hibernate.SQL - 
    alter table if exists pedidos 
       add constraint FK5ti4tnra3ey4hpd7ko661ndg0 
       foreign key (restaurante_id) 
       references restaurante
2025-07-25 10:38:57.972 [restartedMain] DEBUG [] org.hibernate.SQL - 
    alter table if exists produto 
       add constraint FKb9jhjyghjcn25guim7q4pt8qx 
       foreign key (restaurante_id) 
       references restaurante
2025-07-25 10:38:57.980 [restartedMain] INFO  [] o.s.o.j.LocalContainerEntityManagerFactoryBean - Initialized JPA EntityManagerFactory for persistence unit 'default'
2025-07-25 10:38:58.658 [restartedMain] INFO  [] o.s.d.j.r.query.QueryEnhancerFactory - Hibernate is in classpath; If applicable, HQL parser will be used.
2025-07-25 10:39:00.431 [restartedMain] WARN  [] o.s.s.c.a.a.c.InitializeUserDetailsBeanManagerConfigurer$InitializeUserDetailsManagerConfigurer - Found 2 UserDetailsService beans, with names [authService, usuarioService]. Global Authentication Manager will not use a UserDetailsService for username/password login. Consider publishing a single UserDetailsService bean.
2025-07-25 10:39:00.431 [restartedMain] DEBUG [] o.s.s.c.a.a.c.AuthenticationConfiguration$DefaultPasswordEncoderAuthenticationManagerBuilder - No authenticationProviders and no parentAuthenticationManager defined. Returning null.
2025-07-25 10:39:01.223 [restartedMain] INFO  [] o.s.b.a.e.web.EndpointLinksResolver - Exposing 6 endpoints beneath base path '/actuator'
2025-07-25 10:39:01.362 [restartedMain] DEBUG [] o.s.s.web.DefaultSecurityFilterChain - Will secure any request with filters: DisableEncodeUrlFilter, WebAsyncManagerIntegrationFilter, SecurityContextHolderFilter, HeaderWriterFilter, LogoutFilter, JwtAuthenticationFilter, RequestCacheAwareFilter, SecurityContextHolderAwareRequestFilter, AnonymousAuthenticationFilter, SessionManagementFilter, ExceptionTranslationFilter, AuthorizationFilter
2025-07-25 10:39:02.030 [restartedMain] INFO  [] o.s.b.a.h.H2ConsoleAutoConfiguration - H2 console available at '/h2-console'. Database available at 'jdbc:h2:mem:deliverydb'
2025-07-25 10:39:02.203 [restartedMain] INFO  [] o.s.b.d.a.OptionalLiveReloadServer - LiveReload server is running on port 35729
2025-07-25 10:39:02.386 [restartedMain] INFO  [] o.a.coyote.http11.Http11NioProtocol - Starting ProtocolHandler ["http-nio-8080"]
2025-07-25 10:39:02.428 [restartedMain] INFO  [] o.s.b.w.e.tomcat.TomcatWebServer - Tomcat started on port 8080 (http) with context path '/'
2025-07-25 10:39:02.457 [restartedMain] INFO  [] c.d.delivery.DeliveryApiApplication - Started DeliveryApiApplication in 14.261 seconds (process running for 15.473)
2025-07-25 10:39:02.607 [restartedMain] DEBUG [] org.hibernate.SQL - 
    /* <criteria> */ select
        p1_0.id,
        p1_0.cep_entrega,
        p1_0.cliente_id,
        p1_0.data_pedido,
        p1_0.endereco_entrega,
        p1_0.forma_pagamento,
        p1_0.numero_pedido,
        p1_0.observacoes,
        p1_0.restaurante_id,
        p1_0.status,
        p1_0.subtotal,
        p1_0.taxa_entrega,
        p1_0.valor_total 
    from
        pedidos p1_0
2025-07-25 10:39:02.643 [restartedMain] DEBUG [] org.hibernate.SQL - 
    /* <criteria> */ select
        p1_0.id,
        p1_0.categoria,
        p1_0.descricao,
        p1_0.disponivel,
        p1_0.estoque,
        p1_0.nome,
        p1_0.preco,
        p1_0.restaurante_id 
    from
        produto p1_0
2025-07-25 10:39:02.666 [restartedMain] DEBUG [] org.hibernate.SQL - 
    select
        r1_0.id,
        r1_0.ativo,
        r1_0.avaliacao,
        r1_0.categoria,
        r1_0.data_criacao,
        r1_0.endereco,
        r1_0.nome,
        r1_0.taxa_entrega,
        r1_0.telefone 
    from
        restaurante r1_0 
    where
        r1_0.id=?
2025-07-25 10:39:02.684 [restartedMain] DEBUG [] org.hibernate.SQL - 
    select
        r1_0.id,
        r1_0.ativo,
        r1_0.avaliacao,
        r1_0.categoria,
        r1_0.data_criacao,
        r1_0.endereco,
        r1_0.nome,
        r1_0.taxa_entrega,
        r1_0.telefone 
    from
        restaurante r1_0 
    where
        r1_0.id=?
2025-07-25 10:39:02.753 [restartedMain] DEBUG [] org.hibernate.SQL - 
    /* delete for com.deliverytech.delivery.entities.Produto */delete 
    from
        produto 
    where
        id=?
2025-07-25 10:39:02.756 [restartedMain] DEBUG [] org.hibernate.SQL - 
    /* delete for com.deliverytech.delivery.entities.Produto */delete 
    from
        produto 
    where
        id=?
2025-07-25 10:39:02.756 [restartedMain] DEBUG [] org.hibernate.SQL - 
    /* delete for com.deliverytech.delivery.entities.Produto */delete 
    from
        produto 
    where
        id=?
2025-07-25 10:39:02.757 [restartedMain] DEBUG [] org.hibernate.SQL - 
    /* delete for com.deliverytech.delivery.entities.Produto */delete 
    from
        produto 
    where
        id=?
2025-07-25 10:39:02.765 [restartedMain] DEBUG [] org.hibernate.SQL - 
    /* <criteria> */ select
        r1_0.id,
        r1_0.ativo,
        r1_0.avaliacao,
        r1_0.categoria,
        r1_0.data_criacao,
        r1_0.endereco,
        r1_0.nome,
        r1_0.taxa_entrega,
        r1_0.telefone 
    from
        restaurante r1_0
2025-07-25 10:39:02.770 [restartedMain] DEBUG [] org.hibernate.SQL - 
    select
        p1_0.restaurante_id,
        p1_0.id,
        p1_0.categoria,
        p1_0.descricao,
        p1_0.disponivel,
        p1_0.estoque,
        p1_0.nome,
        p1_0.preco 
    from
        produto p1_0 
    where
        p1_0.restaurante_id=?
2025-07-25 10:39:02.774 [restartedMain] DEBUG [] org.hibernate.SQL - 
    select
        p1_0.restaurante_id,
        p1_0.id,
        p1_0.categoria,
        p1_0.descricao,
        p1_0.disponivel,
        p1_0.estoque,
        p1_0.nome,
        p1_0.preco 
    from
        produto p1_0 
    where
        p1_0.restaurante_id=?
2025-07-25 10:39:02.777 [restartedMain] DEBUG [] org.hibernate.SQL - 
    /* delete for com.deliverytech.delivery.entities.Restaurante */delete 
    from
        restaurante 
    where
        id=?
2025-07-25 10:39:02.777 [restartedMain] DEBUG [] org.hibernate.SQL - 
    /* delete for com.deliverytech.delivery.entities.Restaurante */delete 
    from
        restaurante 
    where
        id=?
2025-07-25 10:39:02.780 [restartedMain] DEBUG [] org.hibernate.SQL - 
    /* <criteria> */ select
        u1_0.id,
        u1_0.ativo,
        u1_0.data_criacao,
        u1_0.email,
        u1_0.nome,
        u1_0.restaurante_id,
        u1_0.role,
        u1_0.senha 
    from
        usuario u1_0
2025-07-25 10:39:02.786 [restartedMain] DEBUG [] org.hibernate.SQL - 
    /* delete for com.deliverytech.delivery.entities.Usuario */delete 
    from
        usuario 
    where
        id=?
2025-07-25 10:39:02.786 [restartedMain] DEBUG [] org.hibernate.SQL - 
    /* delete for com.deliverytech.delivery.entities.Usuario */delete 
    from
        usuario 
    where
        id=?
2025-07-25 10:39:02.787 [restartedMain] DEBUG [] org.hibernate.SQL - 
    /* delete for com.deliverytech.delivery.entities.Usuario */delete 
    from
        usuario 
    where
        id=?
2025-07-25 10:39:02.787 [restartedMain] DEBUG [] org.hibernate.SQL - 
    /* delete for com.deliverytech.delivery.entities.Usuario */delete 
    from
        usuario 
    where
        id=?
2025-07-25 10:39:02.787 [restartedMain] DEBUG [] org.hibernate.SQL - 
    /* delete for com.deliverytech.delivery.entities.Usuario */delete 
    from
        usuario 
    where
        id=?
2025-07-25 10:39:02.788 [restartedMain] DEBUG [] org.hibernate.SQL - 
    /* delete for com.deliverytech.delivery.entities.Usuario */delete 
    from
        usuario 
    where
        id=?
2025-07-25 10:39:02.793 [restartedMain] DEBUG [] org.hibernate.SQL - 
    /* <criteria> */ select
        c1_0.id,
        c1_0.ativo,
        c1_0.cpf,
        c1_0.data_cadastro,
        c1_0.email,
        c1_0.endereco,
        c1_0.nome,
        c1_0.telefone,
        c1_0.usuario_id 
    from
        cliente c1_0
2025-07-25 10:39:02.879 [restartedMain] DEBUG [] org.hibernate.SQL - 
    /* <criteria> */ select
        u1_0.id,
        u1_0.ativo,
        u1_0.data_criacao,
        u1_0.email,
        u1_0.nome,
        u1_0.restaurante_id,
        u1_0.role,
        u1_0.senha 
    from
        usuario u1_0 
    where
        u1_0.email=?
2025-07-25 10:39:03.056 [restartedMain] DEBUG [] org.hibernate.SQL - 
    /* insert for
        com.deliverytech.delivery.entities.Usuario */insert 
    into
        usuario (ativo, data_criacao, email, nome, restaurante_id, role, senha, id) 
    values
        (?, ?, ?, ?, ?, ?, ?, default)
2025-07-25 10:39:03.082 [restartedMain] DEBUG [] org.hibernate.SQL - 
    /* <criteria> */ select
        u1_0.id,
        u1_0.ativo,
        u1_0.data_criacao,
        u1_0.email,
        u1_0.nome,
        u1_0.restaurante_id,
        u1_0.role,
        u1_0.senha 
    from
        usuario u1_0 
    where
        u1_0.email=?
2025-07-25 10:39:03.263 [restartedMain] DEBUG [] org.hibernate.SQL - 
    /* insert for
        com.deliverytech.delivery.entities.Usuario */insert 
    into
        usuario (ativo, data_criacao, email, nome, restaurante_id, role, senha, id) 
    values
        (?, ?, ?, ?, ?, ?, ?, default)
2025-07-25 10:39:03.268 [restartedMain] DEBUG [] org.hibernate.SQL - 
    /* <criteria> */ select
        u1_0.id,
        u1_0.ativo,
        u1_0.data_criacao,
        u1_0.email,
        u1_0.nome,
        u1_0.restaurante_id,
        u1_0.role,
        u1_0.senha 
    from
        usuario u1_0 
    where
        u1_0.email=?
2025-07-25 10:39:03.426 [restartedMain] DEBUG [] org.hibernate.SQL - 
    /* insert for
        com.deliverytech.delivery.entities.Usuario */insert 
    into
        usuario (ativo, data_criacao, email, nome, restaurante_id, role, senha, id) 
    values
        (?, ?, ?, ?, ?, ?, ?, default)
2025-07-25 10:39:03.433 [restartedMain] DEBUG [] org.hibernate.SQL - 
    /* <criteria> */ select
        u1_0.id,
        u1_0.ativo,
        u1_0.data_criacao,
        u1_0.email,
        u1_0.nome,
        u1_0.restaurante_id,
        u1_0.role,
        u1_0.senha 
    from
        usuario u1_0 
    where
        u1_0.email=?
2025-07-25 10:39:03.609 [restartedMain] DEBUG [] org.hibernate.SQL - 
    /* insert for
        com.deliverytech.delivery.entities.Usuario */insert 
    into
        usuario (ativo, data_criacao, email, nome, restaurante_id, role, senha, id) 
    values
        (?, ?, ?, ?, ?, ?, ?, default)
2025-07-25 10:39:03.617 [restartedMain] DEBUG [] org.hibernate.SQL - 
    /* insert for
        com.deliverytech.delivery.entities.Cliente */insert 
    into
        cliente (ativo, cpf, data_cadastro, email, endereco, nome, telefone, usuario_id, id) 
    values
        (?, ?, ?, ?, ?, ?, ?, ?, default)
2025-07-25 10:39:03.620 [restartedMain] DEBUG [] org.hibernate.SQL - 
    /* insert for
        com.deliverytech.delivery.entities.Cliente */insert 
    into
        cliente (ativo, cpf, data_cadastro, email, endereco, nome, telefone, usuario_id, id) 
    values
        (?, ?, ?, ?, ?, ?, ?, ?, default)
2025-07-25 10:39:03.622 [restartedMain] DEBUG [] org.hibernate.SQL - 
    /* insert for
        com.deliverytech.delivery.entities.Cliente */insert 
    into
        cliente (ativo, cpf, data_cadastro, email, endereco, nome, telefone, usuario_id, id) 
    values
        (?, ?, ?, ?, ?, ?, ?, ?, default)
2025-07-25 10:39:03.647 [restartedMain] DEBUG [] org.hibernate.SQL - 
    /* insert for
        com.deliverytech.delivery.entities.Restaurante */insert 
    into
        restaurante (ativo, avaliacao, categoria, data_criacao, endereco, nome, taxa_entrega, telefone, id) 
    values
        (?, ?, ?, ?, ?, ?, ?, ?, default)
2025-07-25 10:39:03.650 [restartedMain] DEBUG [] org.hibernate.SQL - 
    /* insert for
        com.deliverytech.delivery.entities.Restaurante */insert 
    into
        restaurante (ativo, avaliacao, categoria, data_criacao, endereco, nome, taxa_entrega, telefone, id) 
    values
        (?, ?, ?, ?, ?, ?, ?, ?, default)
2025-07-25 10:39:03.655 [restartedMain] DEBUG [] org.hibernate.SQL - 
    /* <criteria> */ select
        r1_0.id,
        r1_0.ativo,
        r1_0.avaliacao,
        r1_0.categoria,
        r1_0.data_criacao,
        r1_0.endereco,
        r1_0.nome,
        r1_0.taxa_entrega,
        r1_0.telefone 
    from
        restaurante r1_0
2025-07-25 10:39:03.660 [restartedMain] DEBUG [] org.hibernate.SQL - 
    /* insert for
        com.deliverytech.delivery.entities.Produto */insert 
    into
        produto (categoria, descricao, disponivel, estoque, nome, preco, restaurante_id, id) 
    values
        (?, ?, ?, ?, ?, ?, ?, default)
2025-07-25 10:39:03.664 [restartedMain] DEBUG [] org.hibernate.SQL - 
    /* insert for
        com.deliverytech.delivery.entities.Produto */insert 
    into
        produto (categoria, descricao, disponivel, estoque, nome, preco, restaurante_id, id) 
    values
        (?, ?, ?, ?, ?, ?, ?, default)
2025-07-25 10:39:03.666 [restartedMain] DEBUG [] org.hibernate.SQL - 
    /* insert for
        com.deliverytech.delivery.entities.Produto */insert 
    into
        produto (categoria, descricao, disponivel, estoque, nome, preco, restaurante_id, id) 
    values
        (?, ?, ?, ?, ?, ?, ?, default)
2025-07-25 10:39:03.668 [restartedMain] DEBUG [] org.hibernate.SQL - 
    /* insert for
        com.deliverytech.delivery.entities.Produto */insert 
    into
        produto (categoria, descricao, disponivel, estoque, nome, preco, restaurante_id, id) 
    values
        (?, ?, ?, ?, ?, ?, ?, default)
2025-07-25 10:39:03.669 [restartedMain] DEBUG [] org.hibernate.SQL - 
    /* insert for
        com.deliverytech.delivery.entities.Produto */insert 
    into
        produto (categoria, descricao, disponivel, estoque, nome, preco, restaurante_id, id) 
    values
        (?, ?, ?, ?, ?, ?, ?, default)
2025-07-25 10:39:03.674 [restartedMain] DEBUG [] org.hibernate.SQL - 
    /* <criteria> */ select
        c1_0.id,
        c1_0.ativo,
        c1_0.cpf,
        c1_0.data_cadastro,
        c1_0.email,
        c1_0.endereco,
        c1_0.nome,
        c1_0.telefone,
        c1_0.usuario_id 
    from
        cliente c1_0
2025-07-25 10:39:03.675 [restartedMain] DEBUG [] org.hibernate.SQL - 
    select
        u1_0.id,
        u1_0.ativo,
        u1_0.data_criacao,
        u1_0.email,
        u1_0.nome,
        u1_0.restaurante_id,
        u1_0.role,
        u1_0.senha 
    from
        usuario u1_0 
    where
        u1_0.id=?
2025-07-25 10:39:03.678 [restartedMain] DEBUG [] org.hibernate.SQL - 
    select
        u1_0.id,
        u1_0.ativo,
        u1_0.data_criacao,
        u1_0.email,
        u1_0.nome,
        u1_0.restaurante_id,
        u1_0.role,
        u1_0.senha 
    from
        usuario u1_0 
    where
        u1_0.id=?
2025-07-25 10:39:03.680 [restartedMain] DEBUG [] org.hibernate.SQL - 
    select
        u1_0.id,
        u1_0.ativo,
        u1_0.data_criacao,
        u1_0.email,
        u1_0.nome,
        u1_0.restaurante_id,
        u1_0.role,
        u1_0.senha 
    from
        usuario u1_0 
    where
        u1_0.id=?
2025-07-25 10:39:03.683 [restartedMain] DEBUG [] org.hibernate.SQL - 
    /* <criteria> */ select
        r1_0.id,
        r1_0.ativo,
        r1_0.avaliacao,
        r1_0.categoria,
        r1_0.data_criacao,
        r1_0.endereco,
        r1_0.nome,
        r1_0.taxa_entrega,
        r1_0.telefone 
    from
        restaurante r1_0
2025-07-25 10:39:03.689 [restartedMain] DEBUG [] org.hibernate.SQL - 
    /* <criteria> */ select
        p1_0.id,
        p1_0.categoria,
        p1_0.descricao,
        p1_0.disponivel,
        p1_0.estoque,
        p1_0.nome,
        p1_0.preco,
        p1_0.restaurante_id 
    from
        produto p1_0
2025-07-25 10:39:03.690 [restartedMain] DEBUG [] org.hibernate.SQL - 
    select
        r1_0.id,
        r1_0.ativo,
        r1_0.avaliacao,
        r1_0.categoria,
        r1_0.data_criacao,
        r1_0.endereco,
        r1_0.nome,
        r1_0.taxa_entrega,
        r1_0.telefone 
    from
        restaurante r1_0 
    where
        r1_0.id=?
2025-07-25 10:39:03.693 [restartedMain] DEBUG [] org.hibernate.SQL - 
    select
        r1_0.id,
        r1_0.ativo,
        r1_0.avaliacao,
        r1_0.categoria,
        r1_0.data_criacao,
        r1_0.endereco,
        r1_0.nome,
        r1_0.taxa_entrega,
        r1_0.telefone 
    from
        restaurante r1_0 
    where
        r1_0.id=?
2025-07-25 10:39:03.701 [restartedMain] DEBUG [] org.hibernate.SQL - 
    /* insert for
        com.deliverytech.delivery.entities.Pedido */insert 
    into
        pedidos (cep_entrega, cliente_id, data_pedido, endereco_entrega, forma_pagamento, numero_pedido, observacoes, restaurante_id, status, subtotal, taxa_entrega, valor_total, id) 
    values
        (?, ?, ?, ?, ?, ?, ?, ?, ?, ?, ?, ?, default)
2025-07-25 10:39:03.705 [restartedMain] DEBUG [] org.hibernate.SQL - 
    /* insert for
        com.deliverytech.delivery.entities.ItemPedido */insert 
    into
        itens_pedido (pedido_id, preco_unitario, produto_id, quantidade, subtotal, id) 
    values
        (?, ?, ?, ?, ?, default)
2025-07-25 10:39:03.708 [restartedMain] DEBUG [] org.hibernate.SQL - 
    /* insert for
        com.deliverytech.delivery.entities.Pedido */insert 
    into
        pedidos (cep_entrega, cliente_id, data_pedido, endereco_entrega, forma_pagamento, numero_pedido, observacoes, restaurante_id, status, subtotal, taxa_entrega, valor_total, id) 
    values
        (?, ?, ?, ?, ?, ?, ?, ?, ?, ?, ?, ?, default)
2025-07-25 10:39:03.710 [restartedMain] DEBUG [] org.hibernate.SQL - 
    /* insert for
        com.deliverytech.delivery.entities.ItemPedido */insert 
    into
        itens_pedido (pedido_id, preco_unitario, produto_id, quantidade, subtotal, id) 
    values
        (?, ?, ?, ?, ?, default)
2025-07-25 10:39:03.712 [restartedMain] DEBUG [] org.hibernate.SQL - 
    /* insert for
        com.deliverytech.delivery.entities.ItemPedido */insert 
    into
        itens_pedido (pedido_id, preco_unitario, produto_id, quantidade, subtotal, id) 
    values
        (?, ?, ?, ?, ?, default)
2025-07-25 10:39:03.726 [restartedMain] DEBUG [] org.hibernate.SQL - 
    /* <criteria> */ select
        c1_0.id,
        c1_0.ativo,
        c1_0.cpf,
        c1_0.data_cadastro,
        c1_0.email,
        c1_0.endereco,
        c1_0.nome,
        c1_0.telefone,
        c1_0.usuario_id 
    from
        cliente c1_0 
    where
        c1_0.email=?
2025-07-25 10:39:03.728 [restartedMain] DEBUG [] org.hibernate.SQL - 
    select
        u1_0.id,
        u1_0.ativo,
        u1_0.data_criacao,
        u1_0.email,
        u1_0.nome,
        u1_0.restaurante_id,
        u1_0.role,
        u1_0.senha 
    from
        usuario u1_0 
    where
        u1_0.id=?
2025-07-25 10:39:03.734 [restartedMain] DEBUG [] org.hibernate.SQL - 
    /* <criteria> */ select
        c1_0.id,
        c1_0.ativo,
        c1_0.cpf,
        c1_0.data_cadastro,
        c1_0.email,
        c1_0.endereco,
        c1_0.nome,
        c1_0.telefone,
        c1_0.usuario_id 
    from
        cliente c1_0 
    where
        c1_0.ativo
2025-07-25 10:39:03.735 [restartedMain] DEBUG [] org.hibernate.SQL - 
    select
        u1_0.id,
        u1_0.ativo,
        u1_0.data_criacao,
        u1_0.email,
        u1_0.nome,
        u1_0.restaurante_id,
        u1_0.role,
        u1_0.senha 
    from
        usuario u1_0 
    where
        u1_0.id=?
2025-07-25 10:39:03.737 [restartedMain] DEBUG [] org.hibernate.SQL - 
    select
        u1_0.id,
        u1_0.ativo,
        u1_0.data_criacao,
        u1_0.email,
        u1_0.nome,
        u1_0.restaurante_id,
        u1_0.role,
        u1_0.senha 
    from
        usuario u1_0 
    where
        u1_0.id=?
2025-07-25 10:39:03.748 [restartedMain] DEBUG [] org.hibernate.SQL - 
    /* <criteria> */ select
        c1_0.id,
        c1_0.ativo,
        c1_0.cpf,
        c1_0.data_cadastro,
        c1_0.email,
        c1_0.endereco,
        c1_0.nome,
        c1_0.telefone,
        c1_0.usuario_id 
    from
        cliente c1_0 
    where
        upper(c1_0.nome) like upper(?) escape '\'
2025-07-25 10:39:03.754 [restartedMain] DEBUG [] org.hibernate.SQL - 
    select
        u1_0.id,
        u1_0.ativo,
        u1_0.data_criacao,
        u1_0.email,
        u1_0.nome,
        u1_0.restaurante_id,
        u1_0.role,
        u1_0.senha 
    from
        usuario u1_0 
    where
        u1_0.id=?
2025-07-25 10:39:03.762 [restartedMain] DEBUG [] org.hibernate.SQL - 
    /* <criteria> */ select
        c1_0.id 
    from
        cliente c1_0 
    where
        c1_0.email=? 
    fetch
        first ? rows only
2025-07-25 10:39:04.444 [RMI TCP Connection(4)-127.0.0.1] INFO  [] o.a.c.c.C.[Tomcat].[localhost].[/] - Initializing Spring DispatcherServlet 'dispatcherServlet'
2025-07-25 10:39:04.445 [RMI TCP Connection(4)-127.0.0.1] INFO  [] o.s.web.servlet.DispatcherServlet - Initializing Servlet 'dispatcherServlet'
2025-07-25 10:39:04.448 [RMI TCP Connection(4)-127.0.0.1] INFO  [] o.s.web.servlet.DispatcherServlet - Completed initialization in 3 ms
2025-07-25 10:39:06.780 [http-nio-8080-exec-1] DEBUG [] o.s.security.web.FilterChainProxy - Securing GET /dashboard
2025-07-25 10:39:06.802 [http-nio-8080-exec-1] DEBUG [] o.s.s.w.a.AnonymousAuthenticationFilter - Set SecurityContextHolder to anonymous SecurityContext
2025-07-25 10:39:06.820 [http-nio-8080-exec-1] DEBUG [] o.s.s.w.a.Http403ForbiddenEntryPoint - Pre-authenticated entry point called. Rejecting access
2025-07-25 10:39:06.838 [http-nio-8080-exec-1] DEBUG [] o.s.security.web.FilterChainProxy - Securing GET /error
2025-07-25 10:39:06.840 [http-nio-8080-exec-1] DEBUG [] o.s.s.w.a.AnonymousAuthenticationFilter - Set SecurityContextHolder to anonymous SecurityContext
2025-07-25 10:39:06.842 [http-nio-8080-exec-1] DEBUG [] o.s.s.w.a.Http403ForbiddenEntryPoint - Pre-authenticated entry point called. Rejecting access
2025-07-25 10:39:56.743 [http-nio-8080-exec-2] DEBUG [] o.s.security.web.FilterChainProxy - Securing GET /swagger-ui/index.html
2025-07-25 10:39:56.745 [http-nio-8080-exec-2] DEBUG [] o.s.s.w.a.AnonymousAuthenticationFilter - Set SecurityContextHolder to anonymous SecurityContext
2025-07-25 10:39:56.749 [http-nio-8080-exec-2] DEBUG [] o.s.security.web.FilterChainProxy - Secured GET /swagger-ui/index.html
2025-07-25 10:39:56.826 [http-nio-8080-exec-3] DEBUG [] o.s.security.web.FilterChainProxy - Securing GET /swagger-ui/swagger-ui.css
2025-07-25 10:39:56.826 [http-nio-8080-exec-5] DEBUG [] o.s.security.web.FilterChainProxy - Securing GET /swagger-ui/swagger-ui-bundle.js
2025-07-25 10:39:56.826 [http-nio-8080-exec-6] DEBUG [] o.s.security.web.FilterChainProxy - Securing GET /swagger-ui/swagger-ui-standalone-preset.js
2025-07-25 10:39:56.828 [http-nio-8080-exec-5] DEBUG [] o.s.s.w.a.AnonymousAuthenticationFilter - Set SecurityContextHolder to anonymous SecurityContext
2025-07-25 10:39:56.828 [http-nio-8080-exec-6] DEBUG [] o.s.s.w.a.AnonymousAuthenticationFilter - Set SecurityContextHolder to anonymous SecurityContext
2025-07-25 10:39:56.830 [http-nio-8080-exec-6] DEBUG [] o.s.security.web.FilterChainProxy - Secured GET /swagger-ui/swagger-ui-standalone-preset.js
2025-07-25 10:39:56.830 [http-nio-8080-exec-5] DEBUG [] o.s.security.web.FilterChainProxy - Secured GET /swagger-ui/swagger-ui-bundle.js
2025-07-25 10:39:56.831 [http-nio-8080-exec-7] DEBUG [] o.s.security.web.FilterChainProxy - Securing GET /swagger-ui/swagger-initializer.js
2025-07-25 10:39:56.833 [http-nio-8080-exec-3] DEBUG [] o.s.s.w.a.AnonymousAuthenticationFilter - Set SecurityContextHolder to anonymous SecurityContext
2025-07-25 10:39:56.835 [http-nio-8080-exec-7] DEBUG [] o.s.s.w.a.AnonymousAuthenticationFilter - Set SecurityContextHolder to anonymous SecurityContext
2025-07-25 10:39:56.836 [http-nio-8080-exec-3] DEBUG [] o.s.security.web.FilterChainProxy - Secured GET /swagger-ui/swagger-ui.css
2025-07-25 10:39:56.839 [http-nio-8080-exec-4] DEBUG [] o.s.security.web.FilterChainProxy - Securing GET /swagger-ui/index.css
2025-07-25 10:39:56.839 [http-nio-8080-exec-7] DEBUG [] o.s.security.web.FilterChainProxy - Secured GET /swagger-ui/swagger-initializer.js
2025-07-25 10:39:56.843 [http-nio-8080-exec-4] DEBUG [] o.s.s.w.a.AnonymousAuthenticationFilter - Set SecurityContextHolder to anonymous SecurityContext
2025-07-25 10:39:56.850 [http-nio-8080-exec-4] DEBUG [] o.s.security.web.FilterChainProxy - Secured GET /swagger-ui/index.css
2025-07-25 10:39:57.140 [http-nio-8080-exec-8] DEBUG [] o.s.security.web.FilterChainProxy - Securing GET /v3/api-docs/swagger-config
2025-07-25 10:39:57.142 [http-nio-8080-exec-8] DEBUG [] o.s.s.w.a.AnonymousAuthenticationFilter - Set SecurityContextHolder to anonymous SecurityContext
2025-07-25 10:39:57.145 [http-nio-8080-exec-8] DEBUG [] o.s.security.web.FilterChainProxy - Secured GET /v3/api-docs/swagger-config
2025-07-25 10:39:57.154 [http-nio-8080-exec-9] DEBUG [] o.s.security.web.FilterChainProxy - Securing GET /swagger-ui/favicon-32x32.png
2025-07-25 10:39:57.160 [http-nio-8080-exec-9] DEBUG [] o.s.s.w.a.AnonymousAuthenticationFilter - Set SecurityContextHolder to anonymous SecurityContext
2025-07-25 10:39:57.162 [http-nio-8080-exec-9] DEBUG [] o.s.security.web.FilterChainProxy - Secured GET /swagger-ui/favicon-32x32.png
2025-07-25 10:39:57.234 [http-nio-8080-exec-10] DEBUG [] o.s.security.web.FilterChainProxy - Securing GET /v3/api-docs
2025-07-25 10:39:57.237 [http-nio-8080-exec-10] DEBUG [] o.s.s.w.a.AnonymousAuthenticationFilter - Set SecurityContextHolder to anonymous SecurityContext
2025-07-25 10:39:57.239 [http-nio-8080-exec-10] DEBUG [] o.s.security.web.FilterChainProxy - Secured GET /v3/api-docs
2025-07-25 10:39:58.724 [http-nio-8080-exec-10] INFO  [0c3dc2025abe47be] o.s.api.AbstractOpenApiResource - Init duration for springdoc-openapi is: 1456 ms
2025-07-25 10:40:20.676 [http-nio-8080-exec-6] DEBUG [] o.s.security.web.FilterChainProxy - Securing POST /api/auth/login
2025-07-25 10:40:20.679 [http-nio-8080-exec-6] DEBUG [] o.s.s.w.a.AnonymousAuthenticationFilter - Set SecurityContextHolder to anonymous SecurityContext
2025-07-25 10:40:20.680 [http-nio-8080-exec-6] DEBUG [] o.s.security.web.FilterChainProxy - Secured POST /api/auth/login
2025-07-25 10:40:20.743 [http-nio-8080-exec-6] DEBUG [7daef10e8cc545c7] org.hibernate.SQL - 
    /* <criteria> */ select
        u1_0.id,
        u1_0.ativo,
        u1_0.data_criacao,
        u1_0.email,
        u1_0.nome,
        u1_0.restaurante_id,
        u1_0.role,
        u1_0.senha 
    from
        usuario u1_0 
    where
        u1_0.email=?
2025-07-25 10:40:42.659 [http-nio-8080-exec-3] DEBUG [] o.s.security.web.FilterChainProxy - Securing GET /api/admin/dashboard
2025-07-25 10:40:42.699 [http-nio-8080-exec-3] DEBUG [] org.hibernate.SQL - 
    /* <criteria> */ select
        u1_0.id,
        u1_0.ativo,
        u1_0.data_criacao,
        u1_0.email,
        u1_0.nome,
        u1_0.restaurante_id,
        u1_0.role,
        u1_0.senha 
    from
        usuario u1_0 
    where
        u1_0.email=?
2025-07-25 10:40:42.733 [http-nio-8080-exec-3] DEBUG [] o.s.s.w.a.s.ChangeSessionIdAuthenticationStrategy - Changed session id from 96EB0845D9EB1130D88EA6E810553EEE
2025-07-25 10:40:42.736 [http-nio-8080-exec-3] DEBUG [] o.s.security.web.FilterChainProxy - Secured GET /api/admin/dashboard
2025-07-25 10:40:42.740 [http-nio-8080-exec-3] DEBUG [f3b4e9d2c76c44b4] o.s.s.a.m.AuthorizationManagerBeforeMethodInterceptor - Authorizing method invocation ReflectiveMethodInvocation: public org.springframework.http.ResponseEntity com.deliverytech.delivery.controllers.AdminController.getDashboard(); target is of class [com.deliverytech.delivery.controllers.AdminController]
2025-07-25 10:40:42.767 [http-nio-8080-exec-3] DEBUG [f3b4e9d2c76c44b4] o.s.s.a.m.AuthorizationManagerBeforeMethodInterceptor - Authorized method invocation ReflectiveMethodInvocation: public org.springframework.http.ResponseEntity com.deliverytech.delivery.controllers.AdminController.getDashboard(); target is of class [com.deliverytech.delivery.controllers.AdminController]
2025-07-25 10:40:51.282 [http-nio-8080-exec-4] DEBUG [] o.s.security.web.FilterChainProxy - Securing GET /api/dashboard
2025-07-25 10:40:51.285 [http-nio-8080-exec-4] DEBUG [] o.s.s.w.a.AnonymousAuthenticationFilter - Set SecurityContextHolder to anonymous SecurityContext
2025-07-25 10:40:51.288 [http-nio-8080-exec-4] DEBUG [] o.s.s.w.a.Http403ForbiddenEntryPoint - Pre-authenticated entry point called. Rejecting access
2025-07-25 10:40:51.294 [http-nio-8080-exec-4] DEBUG [] o.s.security.web.FilterChainProxy - Securing GET /error
2025-07-25 10:40:51.295 [http-nio-8080-exec-4] DEBUG [] o.s.s.w.a.AnonymousAuthenticationFilter - Set SecurityContextHolder to anonymous SecurityContext
2025-07-25 10:40:51.296 [http-nio-8080-exec-4] DEBUG [] o.s.s.w.a.Http403ForbiddenEntryPoint - Pre-authenticated entry point called. Rejecting access
2025-07-25 10:40:58.067 [http-nio-8080-exec-10] DEBUG [] o.s.security.web.FilterChainProxy - Securing GET /dashboard
2025-07-25 10:40:58.067 [http-nio-8080-exec-10] DEBUG [] o.s.s.w.a.AnonymousAuthenticationFilter - Set SecurityContextHolder to anonymous SecurityContext
2025-07-25 10:40:58.068 [http-nio-8080-exec-10] DEBUG [] o.s.s.w.a.Http403ForbiddenEntryPoint - Pre-authenticated entry point called. Rejecting access
2025-07-25 10:40:58.071 [http-nio-8080-exec-10] DEBUG [] o.s.security.web.FilterChainProxy - Securing GET /error
2025-07-25 10:40:58.073 [http-nio-8080-exec-10] DEBUG [] o.s.s.w.a.AnonymousAuthenticationFilter - Set SecurityContextHolder to anonymous SecurityContext
2025-07-25 10:40:58.074 [http-nio-8080-exec-10] DEBUG [] o.s.s.w.a.Http403ForbiddenEntryPoint - Pre-authenticated entry point called. Rejecting access
2025-07-25 10:41:15.034 [http-nio-8080-exec-1] DEBUG [] o.s.security.web.FilterChainProxy - Securing GET /api/admin/dashboard
2025-07-25 10:41:15.035 [http-nio-8080-exec-1] DEBUG [] o.s.s.w.a.AnonymousAuthenticationFilter - Set SecurityContextHolder to anonymous SecurityContext
2025-07-25 10:41:15.037 [http-nio-8080-exec-1] DEBUG [] o.s.s.w.a.Http403ForbiddenEntryPoint - Pre-authenticated entry point called. Rejecting access
2025-07-25 10:41:15.038 [http-nio-8080-exec-1] DEBUG [] o.s.security.web.FilterChainProxy - Securing GET /error
2025-07-25 10:41:15.039 [http-nio-8080-exec-1] DEBUG [] o.s.s.w.a.AnonymousAuthenticationFilter - Set SecurityContextHolder to anonymous SecurityContext
2025-07-25 10:41:15.040 [http-nio-8080-exec-1] DEBUG [] o.s.s.w.a.Http403ForbiddenEntryPoint - Pre-authenticated entry point called. Rejecting access
2025-07-25 10:41:58.251 [http-nio-8080-exec-2] DEBUG [] o.s.security.web.FilterChainProxy - Securing GET /swagger-ui/index.html
2025-07-25 10:41:58.251 [http-nio-8080-exec-2] DEBUG [] o.s.s.w.a.AnonymousAuthenticationFilter - Set SecurityContextHolder to anonymous SecurityContext
2025-07-25 10:41:58.254 [http-nio-8080-exec-2] DEBUG [] o.s.security.web.FilterChainProxy - Secured GET /swagger-ui/index.html
2025-07-25 10:41:58.274 [http-nio-8080-exec-3] DEBUG [] o.s.security.web.FilterChainProxy - Securing GET /swagger-ui/swagger-ui.css
2025-07-25 10:41:58.274 [http-nio-8080-exec-3] DEBUG [] o.s.s.w.a.AnonymousAuthenticationFilter - Set SecurityContextHolder to anonymous SecurityContext
2025-07-25 10:41:58.275 [http-nio-8080-exec-7] DEBUG [] o.s.security.web.FilterChainProxy - Securing GET /swagger-ui/swagger-ui-bundle.js
2025-07-25 10:41:58.275 [http-nio-8080-exec-4] DEBUG [] o.s.security.web.FilterChainProxy - Securing GET /swagger-ui/index.css
2025-07-25 10:41:58.276 [http-nio-8080-exec-7] DEBUG [] o.s.s.w.a.AnonymousAuthenticationFilter - Set SecurityContextHolder to anonymous SecurityContext
2025-07-25 10:41:58.276 [http-nio-8080-exec-4] DEBUG [] o.s.s.w.a.AnonymousAuthenticationFilter - Set SecurityContextHolder to anonymous SecurityContext
2025-07-25 10:41:58.276 [http-nio-8080-exec-3] DEBUG [] o.s.security.web.FilterChainProxy - Secured GET /swagger-ui/swagger-ui.css
2025-07-25 10:41:58.277 [http-nio-8080-exec-7] DEBUG [] o.s.security.web.FilterChainProxy - Secured GET /swagger-ui/swagger-ui-bundle.js
2025-07-25 10:41:58.277 [http-nio-8080-exec-4] DEBUG [] o.s.security.web.FilterChainProxy - Secured GET /swagger-ui/index.css
2025-07-25 10:41:58.304 [http-nio-8080-exec-9] DEBUG [] o.s.security.web.FilterChainProxy - Securing GET /swagger-ui/swagger-ui-standalone-preset.js
2025-07-25 10:41:58.305 [http-nio-8080-exec-5] DEBUG [] o.s.security.web.FilterChainProxy - Securing GET /swagger-ui/swagger-initializer.js
2025-07-25 10:41:58.305 [http-nio-8080-exec-9] DEBUG [] o.s.s.w.a.AnonymousAuthenticationFilter - Set SecurityContextHolder to anonymous SecurityContext
2025-07-25 10:41:58.305 [http-nio-8080-exec-5] DEBUG [] o.s.s.w.a.AnonymousAuthenticationFilter - Set SecurityContextHolder to anonymous SecurityContext
2025-07-25 10:41:58.305 [http-nio-8080-exec-9] DEBUG [] o.s.security.web.FilterChainProxy - Secured GET /swagger-ui/swagger-ui-standalone-preset.js
2025-07-25 10:41:58.306 [http-nio-8080-exec-5] DEBUG [] o.s.security.web.FilterChainProxy - Secured GET /swagger-ui/swagger-initializer.js
2025-07-25 10:41:58.916 [http-nio-8080-exec-8] DEBUG [] o.s.security.web.FilterChainProxy - Securing GET /v3/api-docs/swagger-config
2025-07-25 10:41:58.918 [http-nio-8080-exec-8] DEBUG [] o.s.s.w.a.AnonymousAuthenticationFilter - Set SecurityContextHolder to anonymous SecurityContext
2025-07-25 10:41:58.920 [http-nio-8080-exec-8] DEBUG [] o.s.security.web.FilterChainProxy - Secured GET /v3/api-docs/swagger-config
2025-07-25 10:41:58.972 [http-nio-8080-exec-10] DEBUG [] o.s.security.web.FilterChainProxy - Securing GET /v3/api-docs
2025-07-25 10:41:58.973 [http-nio-8080-exec-10] DEBUG [] o.s.s.w.a.AnonymousAuthenticationFilter - Set SecurityContextHolder to anonymous SecurityContext
2025-07-25 10:41:58.974 [http-nio-8080-exec-10] DEBUG [] o.s.security.web.FilterChainProxy - Secured GET /v3/api-docs
2025-07-25 10:42:06.383 [http-nio-8080-exec-1] DEBUG [] o.s.security.web.FilterChainProxy - Securing GET /api/dashboard
2025-07-25 10:42:06.383 [http-nio-8080-exec-1] DEBUG [] o.s.s.w.a.AnonymousAuthenticationFilter - Set SecurityContextHolder to anonymous SecurityContext
2025-07-25 10:42:06.384 [http-nio-8080-exec-1] DEBUG [] o.s.s.w.a.Http403ForbiddenEntryPoint - Pre-authenticated entry point called. Rejecting access
2025-07-25 10:42:06.393 [http-nio-8080-exec-1] DEBUG [] o.s.security.web.FilterChainProxy - Securing GET /error
2025-07-25 10:42:06.394 [http-nio-8080-exec-1] DEBUG [] o.s.s.w.a.AnonymousAuthenticationFilter - Set SecurityContextHolder to anonymous SecurityContext
2025-07-25 10:42:06.394 [http-nio-8080-exec-1] DEBUG [] o.s.s.w.a.Http403ForbiddenEntryPoint - Pre-authenticated entry point called. Rejecting access
2025-07-25 10:42:10.576 [http-nio-8080-exec-6] DEBUG [] o.s.security.web.FilterChainProxy - Securing GET /dashboard
2025-07-25 10:42:10.577 [http-nio-8080-exec-6] DEBUG [] o.s.s.w.a.AnonymousAuthenticationFilter - Set SecurityContextHolder to anonymous SecurityContext
2025-07-25 10:42:10.579 [http-nio-8080-exec-6] DEBUG [] o.s.s.w.a.Http403ForbiddenEntryPoint - Pre-authenticated entry point called. Rejecting access
2025-07-25 10:42:10.583 [http-nio-8080-exec-6] DEBUG [] o.s.security.web.FilterChainProxy - Securing GET /error
2025-07-25 10:42:10.584 [http-nio-8080-exec-6] DEBUG [] o.s.s.w.a.AnonymousAuthenticationFilter - Set SecurityContextHolder to anonymous SecurityContext
2025-07-25 10:42:10.585 [http-nio-8080-exec-6] DEBUG [] o.s.s.w.a.Http403ForbiddenEntryPoint - Pre-authenticated entry point called. Rejecting access
2025-07-25 10:42:48.342 [http-nio-8080-exec-2] DEBUG [] o.s.security.web.FilterChainProxy - Securing GET /dashboard
2025-07-25 10:42:48.343 [http-nio-8080-exec-2] DEBUG [] o.s.s.w.a.AnonymousAuthenticationFilter - Set SecurityContextHolder to anonymous SecurityContext
2025-07-25 10:42:48.344 [http-nio-8080-exec-2] DEBUG [] o.s.s.w.a.Http403ForbiddenEntryPoint - Pre-authenticated entry point called. Rejecting access
2025-07-25 10:42:48.346 [http-nio-8080-exec-2] DEBUG [] o.s.security.web.FilterChainProxy - Securing GET /error
2025-07-25 10:42:48.347 [http-nio-8080-exec-2] DEBUG [] o.s.s.w.a.AnonymousAuthenticationFilter - Set SecurityContextHolder to anonymous SecurityContext
2025-07-25 10:42:48.347 [http-nio-8080-exec-2] DEBUG [] o.s.s.w.a.Http403ForbiddenEntryPoint - Pre-authenticated entry point called. Rejecting access
2025-07-25 10:43:17.083 [http-nio-8080-exec-9] DEBUG [] o.s.security.web.FilterChainProxy - Securing GET /clientes
2025-07-25 10:43:17.099 [http-nio-8080-exec-9] DEBUG [] org.hibernate.SQL - 
    /* <criteria> */ select
        u1_0.id,
        u1_0.ativo,
        u1_0.data_criacao,
        u1_0.email,
        u1_0.nome,
        u1_0.restaurante_id,
        u1_0.role,
        u1_0.senha 
    from
        usuario u1_0 
    where
        u1_0.email=?
2025-07-25 10:43:17.110 [http-nio-8080-exec-9] DEBUG [] o.s.s.w.a.s.ChangeSessionIdAuthenticationStrategy - Changed session id from EE07AEA797E56A7D4EA1697FCB1C7CE1
2025-07-25 10:43:17.112 [http-nio-8080-exec-9] DEBUG [] o.s.security.web.FilterChainProxy - Secured GET /clientes
2025-07-25 10:43:17.115 [http-nio-8080-exec-9] DEBUG [0cfed31879cf4b92] org.hibernate.SQL - 
    /* <criteria> */ select
        c1_0.id,
        c1_0.ativo,
        c1_0.cpf,
        c1_0.data_cadastro,
        c1_0.email,
        c1_0.endereco,
        c1_0.nome,
        c1_0.telefone,
        c1_0.usuario_id 
    from
        cliente c1_0 
    where
        c1_0.ativo
2025-07-25 10:43:17.116 [http-nio-8080-exec-9] DEBUG [0cfed31879cf4b92] org.hibernate.SQL - 
    select
        u1_0.id,
        u1_0.ativo,
        u1_0.data_criacao,
        u1_0.email,
        u1_0.nome,
        u1_0.restaurante_id,
        u1_0.role,
        u1_0.senha 
    from
        usuario u1_0 
    where
        u1_0.id=?
2025-07-25 10:43:17.118 [http-nio-8080-exec-9] DEBUG [0cfed31879cf4b92] org.hibernate.SQL - 
    select
        u1_0.id,
        u1_0.ativo,
        u1_0.data_criacao,
        u1_0.email,
        u1_0.nome,
        u1_0.restaurante_id,
        u1_0.role,
        u1_0.senha 
    from
        usuario u1_0 
    where
        u1_0.id=?
2025-07-25 10:43:26.665 [http-nio-8080-exec-7] DEBUG [] o.s.security.web.FilterChainProxy - Securing GET /dashboard/api/metrics
2025-07-25 10:43:26.673 [http-nio-8080-exec-7] DEBUG [] org.hibernate.SQL - 
    /* <criteria> */ select
        u1_0.id,
        u1_0.ativo,
        u1_0.data_criacao,
        u1_0.email,
        u1_0.nome,
        u1_0.restaurante_id,
        u1_0.role,
        u1_0.senha 
    from
        usuario u1_0 
    where
        u1_0.email=?
2025-07-25 10:43:26.681 [http-nio-8080-exec-7] DEBUG [] o.s.s.w.a.s.ChangeSessionIdAuthenticationStrategy - Changed session id from 48B5CD363475B006BA3E6B9841AB762D
2025-07-25 10:43:26.683 [http-nio-8080-exec-7] DEBUG [] o.s.security.web.FilterChainProxy - Secured GET /dashboard/api/metrics
2025-07-25 10:43:40.476 [http-nio-8080-exec-8] DEBUG [] o.s.security.web.FilterChainProxy - Securing GET /dashboard/api/metrics
2025-07-25 10:43:40.481 [http-nio-8080-exec-8] DEBUG [] o.s.s.w.a.AnonymousAuthenticationFilter - Set SecurityContextHolder to anonymous SecurityContext
2025-07-25 10:43:40.485 [http-nio-8080-exec-8] DEBUG [] o.s.s.w.a.Http403ForbiddenEntryPoint - Pre-authenticated entry point called. Rejecting access
2025-07-25 10:43:40.489 [http-nio-8080-exec-8] DEBUG [] o.s.security.web.FilterChainProxy - Securing GET /error
2025-07-25 10:43:40.490 [http-nio-8080-exec-8] DEBUG [] o.s.s.w.a.AnonymousAuthenticationFilter - Set SecurityContextHolder to anonymous SecurityContext
2025-07-25 10:43:40.491 [http-nio-8080-exec-8] DEBUG [] o.s.s.w.a.Http403ForbiddenEntryPoint - Pre-authenticated entry point called. Rejecting access
2025-07-25 10:47:06.502 [RMI TCP Connection(13)-127.0.0.1] INFO  [] o.s.b.a.SpringApplicationAdminMXBeanRegistrar$SpringApplicationAdmin - Application shutdown requested.
2025-07-25 10:47:06.506 [RMI TCP Connection(13)-127.0.0.1] INFO  [] o.a.coyote.http11.Http11NioProtocol - Stopping ProtocolHandler ["http-nio-8080"]
2025-07-25 10:47:06.523 [RMI TCP Connection(13)-127.0.0.1] INFO  [] o.s.o.j.LocalContainerEntityManagerFactoryBean - Closing JPA EntityManagerFactory for persistence unit 'default'
2025-07-25 10:47:06.524 [RMI TCP Connection(13)-127.0.0.1] DEBUG [] org.hibernate.SQL - 
    drop table if exists cliente cascade 
2025-07-25 10:47:06.526 [RMI TCP Connection(13)-127.0.0.1] DEBUG [] org.hibernate.SQL - 
    drop table if exists itens_pedido cascade 
2025-07-25 10:47:06.527 [RMI TCP Connection(13)-127.0.0.1] DEBUG [] org.hibernate.SQL - 
    drop table if exists pedidos cascade 
2025-07-25 10:47:06.527 [RMI TCP Connection(13)-127.0.0.1] DEBUG [] org.hibernate.SQL - 
    drop table if exists produto cascade 
2025-07-25 10:47:06.528 [RMI TCP Connection(13)-127.0.0.1] DEBUG [] org.hibernate.SQL - 
    drop table if exists restaurante cascade 
2025-07-25 10:47:06.528 [RMI TCP Connection(13)-127.0.0.1] DEBUG [] org.hibernate.SQL - 
    drop table if exists usuario cascade 
2025-07-25 10:47:06.534 [RMI TCP Connection(13)-127.0.0.1] WARN  [] o.s.b.f.s.DisposableBeanAdapter - Invocation of destroy method failed on bean with name 'inMemoryDatabaseShutdownExecutor': org.h2.jdbc.JdbcSQLNonTransientConnectionException: Database is already closed (to disable automatic closing at VM shutdown, add ";DB_CLOSE_ON_EXIT=FALSE" to the db URL) [90121-224]
2025-07-25 10:47:06.534 [RMI TCP Connection(13)-127.0.0.1] INFO  [] com.zaxxer.hikari.HikariDataSource - HikariPool-1 - Shutdown initiated...
2025-07-25 10:47:06.536 [RMI TCP Connection(13)-127.0.0.1] INFO  [] com.zaxxer.hikari.HikariDataSource - HikariPool-1 - Shutdown completed.
